{"C:\\Users\\kovacs.kristof\\Desktop\\MediaHub\\backend\\src\\config\\config.ts": {"path":"C:\\Users\\kovacs.kristof\\Desktop\\MediaHub\\backend\\src\\config\\config.ts","statementMap":{"0":{"start":{"line":1,"column":0},"end":{"line":1,"column":28}},"1":{"start":{"line":2,"column":0},"end":{"line":2,"column":24}},"2":{"start":{"line":3,"column":0},"end":{"line":3,"column":16}},"3":{"start":{"line":7,"column":8},"end":{"line":13,"column":null}},"4":{"start":{"line":18,"column":20},"end":{"line":24,"column":null}},"5":{"start":{"line":26,"column":0},"end":{"line":26,"column":22}}},"fnMap":{"0":{"name":"(anonymous_1)","decl":{"start":{"line":6,"column":4},"end":{"line":6,"column":null}},"loc":{"start":{"line":6,"column":4},"end":{"line":14,"column":5}}}},"branchMap":{"0":{"loc":{"start":{"line":21,"column":22},"end":{"line":21,"column":60}},"type":"cond-expr","locations":[{"start":{"line":21,"column":47},"end":{"line":21,"column":51}},{"start":{"line":21,"column":51},"end":{"line":21,"column":60}}]},"1":{"loc":{"start":{"line":21,"column":22},"end":{"line":21,"column":51}},"type":"binary-expr","locations":[{"start":{"line":21,"column":22},"end":{"line":21,"column":51}},{"start":{"line":21,"column":47},"end":{"line":21,"column":51}}]},"2":{"loc":{"start":{"line":23,"column":15},"end":{"line":23,"column":55}},"type":"cond-expr","locations":[{"start":{"line":23,"column":42},"end":{"line":23,"column":46}},{"start":{"line":23,"column":46},"end":{"line":23,"column":55}}]},"3":{"loc":{"start":{"line":23,"column":15},"end":{"line":23,"column":46}},"type":"binary-expr","locations":[{"start":{"line":23,"column":15},"end":{"line":23,"column":46}},{"start":{"line":23,"column":42},"end":{"line":23,"column":46}}]}},"s":{"0":7,"1":7,"2":7,"3":7,"4":7,"5":7},"f":{"0":7},"b":{"0":[7,0],"1":[7,7],"2":[7,0],"3":[7,7]}}
,"C:\\Users\\kovacs.kristof\\Desktop\\MediaHub\\backend\\src\\items\\items.ts": {"path":"C:\\Users\\kovacs.kristof\\Desktop\\MediaHub\\backend\\src\\items\\items.ts","statementMap":{"0":{"start":{"line":26,"column":8},"end":{"line":26,"column":null}},"1":{"start":{"line":27,"column":8},"end":{"line":27,"column":null}},"2":{"start":{"line":28,"column":8},"end":{"line":28,"column":null}},"3":{"start":{"line":29,"column":8},"end":{"line":29,"column":null}},"4":{"start":{"line":30,"column":8},"end":{"line":30,"column":null}},"5":{"start":{"line":31,"column":8},"end":{"line":31,"column":null}},"6":{"start":{"line":32,"column":8},"end":{"line":32,"column":null}},"7":{"start":{"line":33,"column":8},"end":{"line":33,"column":null}},"8":{"start":{"line":36,"column":0},"end":{"line":36,"column":21}}},"fnMap":{"0":{"name":"(anonymous_0)","decl":{"start":{"line":25,"column":4},"end":{"line":25,"column":16}},"loc":{"start":{"line":25,"column":28},"end":{"line":34,"column":5}}}},"branchMap":{},"s":{"0":3,"1":3,"2":3,"3":3,"4":3,"5":3,"6":3,"7":3,"8":1},"f":{"0":3},"b":{}}
,"C:\\Users\\kovacs.kristof\\Desktop\\MediaHub\\backend\\src\\items\\itemsController.ts": {"path":"C:\\Users\\kovacs.kristof\\Desktop\\MediaHub\\backend\\src\\items\\itemsController.ts","statementMap":{"0":{"start":{"line":2,"column":0},"end":{"line":2,"column":28}},"1":{"start":{"line":3,"column":0},"end":{"line":3,"column":56}},"2":{"start":{"line":4,"column":0},"end":{"line":4,"column":45}},"3":{"start":{"line":5,"column":0},"end":{"line":5,"column":52}},"4":{"start":{"line":7,"column":25},"end":{"line":7,"column":38}},"5":{"start":{"line":11,"column":8},"end":{"line":20,"column":9}},"6":{"start":{"line":12,"column":25},"end":{"line":12,"column":91}},"7":{"start":{"line":13,"column":25},"end":{"line":13,"column":91}},"8":{"start":{"line":14,"column":27},"end":{"line":14,"column":97}},"9":{"start":{"line":15,"column":28},"end":{"line":15,"column":70}},"10":{"start":{"line":16,"column":12},"end":{"line":16,"column":null}},"11":{"start":{"line":19,"column":12},"end":{"line":19,"column":null}},"12":{"start":{"line":24,"column":8},"end":{"line":34,"column":9}},"13":{"start":{"line":25,"column":29},"end":{"line":25,"column":56}},"14":{"start":{"line":26,"column":12},"end":{"line":28,"column":13}},"15":{"start":{"line":27,"column":16},"end":{"line":27,"column":null}},"16":{"start":{"line":29,"column":28},"end":{"line":29,"column":56}},"17":{"start":{"line":30,"column":12},"end":{"line":30,"column":null}},"18":{"start":{"line":33,"column":12},"end":{"line":33,"column":null}},"19":{"start":{"line":38,"column":8},"end":{"line":48,"column":9}},"20":{"start":{"line":39,"column":29},"end":{"line":39,"column":56}},"21":{"start":{"line":40,"column":12},"end":{"line":42,"column":13}},"22":{"start":{"line":41,"column":16},"end":{"line":41,"column":null}},"23":{"start":{"line":43,"column":28},"end":{"line":43,"column":62}},"24":{"start":{"line":44,"column":12},"end":{"line":44,"column":null}},"25":{"start":{"line":47,"column":12},"end":{"line":47,"column":null}},"26":{"start":{"line":52,"column":8},"end":{"line":62,"column":9}},"27":{"start":{"line":53,"column":29},"end":{"line":53,"column":56}},"28":{"start":{"line":54,"column":12},"end":{"line":56,"column":13}},"29":{"start":{"line":55,"column":16},"end":{"line":55,"column":null}},"30":{"start":{"line":57,"column":28},"end":{"line":57,"column":59}},"31":{"start":{"line":58,"column":12},"end":{"line":58,"column":null}},"32":{"start":{"line":61,"column":12},"end":{"line":61,"column":null}},"33":{"start":{"line":66,"column":8},"end":{"line":79,"column":9}},"34":{"start":{"line":67,"column":29},"end":{"line":67,"column":56}},"35":{"start":{"line":68,"column":12},"end":{"line":70,"column":13}},"36":{"start":{"line":69,"column":16},"end":{"line":69,"column":null}},"37":{"start":{"line":71,"column":12},"end":{"line":73,"column":13}},"38":{"start":{"line":72,"column":16},"end":{"line":72,"column":null}},"39":{"start":{"line":74,"column":28},"end":{"line":74,"column":56}},"40":{"start":{"line":75,"column":12},"end":{"line":75,"column":null}},"41":{"start":{"line":78,"column":12},"end":{"line":78,"column":null}},"42":{"start":{"line":83,"column":8},"end":{"line":122,"column":9}},"43":{"start":{"line":84,"column":12},"end":{"line":84,"column":null}},"44":{"start":{"line":85,"column":12},"end":{"line":87,"column":13}},"45":{"start":{"line":86,"column":16},"end":{"line":86,"column":null}},"46":{"start":{"line":88,"column":12},"end":{"line":91,"column":13}},"47":{"start":{"line":90,"column":16},"end":{"line":90,"column":null}},"48":{"start":{"line":92,"column":12},"end":{"line":94,"column":13}},"49":{"start":{"line":93,"column":16},"end":{"line":93,"column":null}},"50":{"start":{"line":97,"column":29},"end":{"line":97,"column":52}},"51":{"start":{"line":99,"column":12},"end":{"line":101,"column":13}},"52":{"start":{"line":100,"column":16},"end":{"line":100,"column":null}},"53":{"start":{"line":104,"column":28},"end":{"line":104,"column":49}},"54":{"start":{"line":106,"column":12},"end":{"line":108,"column":13}},"55":{"start":{"line":107,"column":16},"end":{"line":107,"column":null}},"56":{"start":{"line":110,"column":12},"end":{"line":115,"column":13}},"57":{"start":{"line":111,"column":16},"end":{"line":111,"column":null}},"58":{"start":{"line":114,"column":16},"end":{"line":114,"column":null}},"59":{"start":{"line":116,"column":25},"end":{"line":116,"column":41}},"60":{"start":{"line":117,"column":28},"end":{"line":117,"column":121}},"61":{"start":{"line":118,"column":12},"end":{"line":118,"column":null}},"62":{"start":{"line":121,"column":12},"end":{"line":121,"column":null}},"63":{"start":{"line":126,"column":8},"end":{"line":177,"column":9}},"64":{"start":{"line":127,"column":12},"end":{"line":127,"column":null}},"65":{"start":{"line":128,"column":29},"end":{"line":128,"column":56}},"66":{"start":{"line":129,"column":12},"end":{"line":131,"column":13}},"67":{"start":{"line":130,"column":16},"end":{"line":130,"column":null}},"68":{"start":{"line":132,"column":12},"end":{"line":134,"column":13}},"69":{"start":{"line":133,"column":16},"end":{"line":133,"column":null}},"70":{"start":{"line":135,"column":12},"end":{"line":137,"column":13}},"71":{"start":{"line":136,"column":16},"end":{"line":136,"column":null}},"72":{"start":{"line":138,"column":35},"end":{"line":138,"column":37}},"73":{"start":{"line":139,"column":32},"end":{"line":139,"column":34}},"74":{"start":{"line":140,"column":33},"end":{"line":140,"column":35}},"75":{"start":{"line":141,"column":12},"end":{"line":144,"column":13}},"76":{"start":{"line":142,"column":16},"end":{"line":142,"column":null}},"77":{"start":{"line":143,"column":16},"end":{"line":143,"column":null}},"78":{"start":{"line":145,"column":12},"end":{"line":148,"column":13}},"79":{"start":{"line":146,"column":16},"end":{"line":146,"column":null}},"80":{"start":{"line":147,"column":16},"end":{"line":147,"column":null}},"81":{"start":{"line":149,"column":12},"end":{"line":152,"column":13}},"82":{"start":{"line":150,"column":16},"end":{"line":150,"column":null}},"83":{"start":{"line":151,"column":16},"end":{"line":151,"column":null}},"84":{"start":{"line":153,"column":12},"end":{"line":157,"column":13}},"85":{"start":{"line":154,"column":16},"end":{"line":154,"column":null}},"86":{"start":{"line":155,"column":32},"end":{"line":155,"column":67}},"87":{"start":{"line":156,"column":16},"end":{"line":156,"column":null}},"88":{"start":{"line":158,"column":12},"end":{"line":161,"column":13}},"89":{"start":{"line":159,"column":16},"end":{"line":159,"column":null}},"90":{"start":{"line":160,"column":16},"end":{"line":160,"column":null}},"91":{"start":{"line":162,"column":12},"end":{"line":167,"column":13}},"92":{"start":{"line":163,"column":30},"end":{"line":163,"column":58}},"93":{"start":{"line":164,"column":16},"end":{"line":166,"column":17}},"94":{"start":{"line":164,"column":29},"end":{"line":164,"column":30}},"95":{"start":{"line":165,"column":20},"end":{"line":165,"column":null}},"96":{"start":{"line":168,"column":12},"end":{"line":168,"column":null}},"97":{"start":{"line":169,"column":33},"end":{"line":169,"column":49}},"98":{"start":{"line":170,"column":28},"end":{"line":170,"column":80}},"99":{"start":{"line":171,"column":12},"end":{"line":171,"column":null}},"100":{"start":{"line":172,"column":12},"end":{"line":172,"column":null}},"101":{"start":{"line":175,"column":12},"end":{"line":175,"column":null}},"102":{"start":{"line":176,"column":12},"end":{"line":176,"column":null}},"103":{"start":{"line":9,"column":0},"end":{"line":9,"column":13}}},"fnMap":{"0":{"name":"(anonymous_8)","decl":{"start":{"line":10,"column":10},"end":{"line":10,"column":17}},"loc":{"start":{"line":10,"column":54},"end":{"line":21,"column":null}}},"1":{"name":"(anonymous_10)","decl":{"start":{"line":23,"column":10},"end":{"line":23,"column":20}},"loc":{"start":{"line":23,"column":57},"end":{"line":35,"column":null}}},"2":{"name":"(anonymous_12)","decl":{"start":{"line":37,"column":10},"end":{"line":37,"column":26}},"loc":{"start":{"line":37,"column":63},"end":{"line":49,"column":null}}},"3":{"name":"(anonymous_14)","decl":{"start":{"line":51,"column":10},"end":{"line":51,"column":23}},"loc":{"start":{"line":51,"column":60},"end":{"line":63,"column":null}}},"4":{"name":"(anonymous_16)","decl":{"start":{"line":65,"column":10},"end":{"line":65,"column":20}},"loc":{"start":{"line":65,"column":53},"end":{"line":80,"column":null}}},"5":{"name":"(anonymous_18)","decl":{"start":{"line":82,"column":11},"end":{"line":82,"column":21}},"loc":{"start":{"line":82,"column":54},"end":{"line":123,"column":null}}},"6":{"name":"(anonymous_20)","decl":{"start":{"line":125,"column":10},"end":{"line":125,"column":20}},"loc":{"start":{"line":125,"column":53},"end":{"line":178,"column":null}}}},"branchMap":{"0":{"loc":{"start":{"line":12,"column":25},"end":{"line":12,"column":91}},"type":"cond-expr","locations":[{"start":{"line":12,"column":66},"end":{"line":12,"column":84}},{"start":{"line":12,"column":87},"end":{"line":12,"column":91}}]},"1":{"loc":{"start":{"line":13,"column":25},"end":{"line":13,"column":91}},"type":"cond-expr","locations":[{"start":{"line":13,"column":66},"end":{"line":13,"column":84}},{"start":{"line":13,"column":87},"end":{"line":13,"column":91}}]},"2":{"loc":{"start":{"line":14,"column":27},"end":{"line":14,"column":97}},"type":"cond-expr","locations":[{"start":{"line":14,"column":70},"end":{"line":14,"column":90}},{"start":{"line":14,"column":93},"end":{"line":14,"column":97}}]},"3":{"loc":{"start":{"line":19,"column":35},"end":{"line":19,"column":54}},"type":"binary-expr","locations":[{"start":{"line":19,"column":35},"end":{"line":19,"column":47}},{"start":{"line":19,"column":51},"end":{"line":19,"column":54}}]},"4":{"loc":{"start":{"line":19,"column":61},"end":{"line":19,"column":93}},"type":"binary-expr","locations":[{"start":{"line":19,"column":61},"end":{"line":19,"column":74}},{"start":{"line":19,"column":78},"end":{"line":19,"column":93}}]},"5":{"loc":{"start":{"line":26,"column":12},"end":{"line":28,"column":13}},"type":"if","locations":[{"start":{"line":26,"column":12},"end":{"line":28,"column":13}},{"start":{},"end":{}}]},"6":{"loc":{"start":{"line":33,"column":35},"end":{"line":33,"column":54}},"type":"binary-expr","locations":[{"start":{"line":33,"column":35},"end":{"line":33,"column":47}},{"start":{"line":33,"column":51},"end":{"line":33,"column":54}}]},"7":{"loc":{"start":{"line":33,"column":61},"end":{"line":33,"column":93}},"type":"binary-expr","locations":[{"start":{"line":33,"column":61},"end":{"line":33,"column":74}},{"start":{"line":33,"column":78},"end":{"line":33,"column":93}}]},"8":{"loc":{"start":{"line":40,"column":12},"end":{"line":42,"column":13}},"type":"if","locations":[{"start":{"line":40,"column":12},"end":{"line":42,"column":13}},{"start":{},"end":{}}]},"9":{"loc":{"start":{"line":47,"column":35},"end":{"line":47,"column":54}},"type":"binary-expr","locations":[{"start":{"line":47,"column":35},"end":{"line":47,"column":47}},{"start":{"line":47,"column":51},"end":{"line":47,"column":54}}]},"10":{"loc":{"start":{"line":47,"column":61},"end":{"line":47,"column":93}},"type":"binary-expr","locations":[{"start":{"line":47,"column":61},"end":{"line":47,"column":74}},{"start":{"line":47,"column":78},"end":{"line":47,"column":93}}]},"11":{"loc":{"start":{"line":54,"column":12},"end":{"line":56,"column":13}},"type":"if","locations":[{"start":{"line":54,"column":12},"end":{"line":56,"column":13}},{"start":{},"end":{}}]},"12":{"loc":{"start":{"line":61,"column":35},"end":{"line":61,"column":54}},"type":"binary-expr","locations":[{"start":{"line":61,"column":35},"end":{"line":61,"column":47}},{"start":{"line":61,"column":51},"end":{"line":61,"column":54}}]},"13":{"loc":{"start":{"line":61,"column":61},"end":{"line":61,"column":93}},"type":"binary-expr","locations":[{"start":{"line":61,"column":61},"end":{"line":61,"column":74}},{"start":{"line":61,"column":78},"end":{"line":61,"column":93}}]},"14":{"loc":{"start":{"line":68,"column":12},"end":{"line":70,"column":13}},"type":"if","locations":[{"start":{"line":68,"column":12},"end":{"line":70,"column":13}},{"start":{},"end":{}}]},"15":{"loc":{"start":{"line":71,"column":12},"end":{"line":73,"column":13}},"type":"if","locations":[{"start":{"line":71,"column":12},"end":{"line":73,"column":13}},{"start":{},"end":{}}]},"16":{"loc":{"start":{"line":78,"column":35},"end":{"line":78,"column":54}},"type":"binary-expr","locations":[{"start":{"line":78,"column":35},"end":{"line":78,"column":47}},{"start":{"line":78,"column":51},"end":{"line":78,"column":54}}]},"17":{"loc":{"start":{"line":78,"column":61},"end":{"line":78,"column":93}},"type":"binary-expr","locations":[{"start":{"line":78,"column":61},"end":{"line":78,"column":74}},{"start":{"line":78,"column":78},"end":{"line":78,"column":93}}]},"18":{"loc":{"start":{"line":85,"column":12},"end":{"line":87,"column":13}},"type":"if","locations":[{"start":{"line":85,"column":12},"end":{"line":87,"column":13}},{"start":{},"end":{}}]},"19":{"loc":{"start":{"line":88,"column":12},"end":{"line":91,"column":13}},"type":"if","locations":[{"start":{"line":88,"column":12},"end":{"line":91,"column":13}},{"start":{},"end":{}}]},"20":{"loc":{"start":{"line":92,"column":12},"end":{"line":94,"column":13}},"type":"if","locations":[{"start":{"line":92,"column":12},"end":{"line":94,"column":13}},{"start":{},"end":{}}]},"21":{"loc":{"start":{"line":99,"column":12},"end":{"line":101,"column":13}},"type":"if","locations":[{"start":{"line":99,"column":12},"end":{"line":101,"column":13}},{"start":{},"end":{}}]},"22":{"loc":{"start":{"line":106,"column":12},"end":{"line":108,"column":13}},"type":"if","locations":[{"start":{"line":106,"column":12},"end":{"line":108,"column":13}},{"start":{},"end":{}}]},"23":{"loc":{"start":{"line":106,"column":16},"end":{"line":106,"column":137}},"type":"binary-expr","locations":[{"start":{"line":106,"column":16},"end":{"line":106,"column":33}},{"start":{"line":106,"column":37},"end":{"line":106,"column":49}},{"start":{"line":106,"column":53},"end":{"line":106,"column":65}},{"start":{"line":106,"column":69},"end":{"line":106,"column":86}},{"start":{"line":106,"column":90},"end":{"line":106,"column":109}},{"start":{"line":106,"column":113},"end":{"line":106,"column":137}}]},"24":{"loc":{"start":{"line":110,"column":12},"end":{"line":115,"column":13}},"type":"if","locations":[{"start":{"line":110,"column":12},"end":{"line":115,"column":13}},{"start":{"line":113,"column":17},"end":{"line":115,"column":13}}]},"25":{"loc":{"start":{"line":116,"column":25},"end":{"line":116,"column":41}},"type":"binary-expr","locations":[{"start":{"line":116,"column":25},"end":{"line":116,"column":36}},{"start":{"line":116,"column":40},"end":{"line":116,"column":41}}]},"26":{"loc":{"start":{"line":121,"column":35},"end":{"line":121,"column":54}},"type":"binary-expr","locations":[{"start":{"line":121,"column":35},"end":{"line":121,"column":47}},{"start":{"line":121,"column":51},"end":{"line":121,"column":54}}]},"27":{"loc":{"start":{"line":121,"column":61},"end":{"line":121,"column":93}},"type":"binary-expr","locations":[{"start":{"line":121,"column":61},"end":{"line":121,"column":74}},{"start":{"line":121,"column":78},"end":{"line":121,"column":93}}]},"28":{"loc":{"start":{"line":129,"column":12},"end":{"line":131,"column":13}},"type":"if","locations":[{"start":{"line":129,"column":12},"end":{"line":131,"column":13}},{"start":{},"end":{}}]},"29":{"loc":{"start":{"line":132,"column":12},"end":{"line":134,"column":13}},"type":"if","locations":[{"start":{"line":132,"column":12},"end":{"line":134,"column":13}},{"start":{},"end":{}}]},"30":{"loc":{"start":{"line":135,"column":12},"end":{"line":137,"column":13}},"type":"if","locations":[{"start":{"line":135,"column":12},"end":{"line":137,"column":13}},{"start":{},"end":{}}]},"31":{"loc":{"start":{"line":141,"column":12},"end":{"line":144,"column":13}},"type":"if","locations":[{"start":{"line":141,"column":12},"end":{"line":144,"column":13}},{"start":{},"end":{}}]},"32":{"loc":{"start":{"line":145,"column":12},"end":{"line":148,"column":13}},"type":"if","locations":[{"start":{"line":145,"column":12},"end":{"line":148,"column":13}},{"start":{},"end":{}}]},"33":{"loc":{"start":{"line":149,"column":12},"end":{"line":152,"column":13}},"type":"if","locations":[{"start":{"line":149,"column":12},"end":{"line":152,"column":13}},{"start":{},"end":{}}]},"34":{"loc":{"start":{"line":153,"column":12},"end":{"line":157,"column":13}},"type":"if","locations":[{"start":{"line":153,"column":12},"end":{"line":157,"column":13}},{"start":{},"end":{}}]},"35":{"loc":{"start":{"line":158,"column":12},"end":{"line":161,"column":13}},"type":"if","locations":[{"start":{"line":158,"column":12},"end":{"line":161,"column":13}},{"start":{},"end":{}}]},"36":{"loc":{"start":{"line":162,"column":12},"end":{"line":167,"column":13}},"type":"if","locations":[{"start":{"line":162,"column":12},"end":{"line":167,"column":13}},{"start":{},"end":{}}]},"37":{"loc":{"start":{"line":176,"column":35},"end":{"line":176,"column":54}},"type":"binary-expr","locations":[{"start":{"line":176,"column":35},"end":{"line":176,"column":47}},{"start":{"line":176,"column":51},"end":{"line":176,"column":54}}]},"38":{"loc":{"start":{"line":176,"column":61},"end":{"line":176,"column":93}},"type":"binary-expr","locations":[{"start":{"line":176,"column":61},"end":{"line":176,"column":74}},{"start":{"line":176,"column":78},"end":{"line":176,"column":93}}]}},"s":{"0":1,"1":1,"2":1,"3":1,"4":1,"5":3,"6":3,"7":3,"8":3,"9":3,"10":2,"11":1,"12":3,"13":3,"14":3,"15":1,"16":2,"17":1,"18":2,"19":3,"20":3,"21":3,"22":1,"23":2,"24":1,"25":2,"26":3,"27":3,"28":3,"29":1,"30":2,"31":1,"32":2,"33":4,"34":4,"35":4,"36":1,"37":3,"38":1,"39":2,"40":1,"41":3,"42":6,"43":6,"44":6,"45":1,"46":5,"47":1,"48":4,"49":1,"50":3,"51":3,"52":3,"53":3,"54":3,"55":1,"56":2,"57":1,"58":1,"59":1,"60":1,"61":1,"62":5,"63":4,"64":4,"65":4,"66":4,"67":1,"68":3,"69":1,"70":2,"71":1,"72":1,"73":1,"74":1,"75":1,"76":1,"77":1,"78":1,"79":1,"80":1,"81":1,"82":1,"83":1,"84":1,"85":1,"86":1,"87":1,"88":1,"89":1,"90":1,"91":1,"92":1,"93":1,"94":1,"95":2,"96":1,"97":1,"98":1,"99":1,"100":1,"101":3,"102":3,"103":1},"f":{"0":3,"1":3,"2":3,"3":3,"4":4,"5":6,"6":4},"b":{"0":[1,2],"1":[1,2],"2":[1,2],"3":[1,0],"4":[1,0],"5":[1,2],"6":[2,0],"7":[2,0],"8":[1,2],"9":[2,0],"10":[2,0],"11":[1,2],"12":[2,0],"13":[2,0],"14":[1,3],"15":[1,2],"16":[3,0],"17":[3,0],"18":[1,5],"19":[1,4],"20":[1,3],"21":[3,0],"22":[1,2],"23":[3,2,2,2,2,2],"24":[1,1],"25":[1,0],"26":[5,0],"27":[5,0],"28":[1,3],"29":[1,2],"30":[1,1],"31":[1,0],"32":[1,0],"33":[1,0],"34":[1,0],"35":[1,0],"36":[1,0],"37":[3,0],"38":[3,0]}}
,"C:\\Users\\kovacs.kristof\\Desktop\\MediaHub\\backend\\src\\middleware\\error.ts": {"path":"C:\\Users\\kovacs.kristof\\Desktop\\MediaHub\\backend\\src\\middleware\\error.ts","statementMap":{"0":{"start":{"line":9,"column":4},"end":{"line":9,"column":19}},"1":{"start":{"line":11,"column":4},"end":{"line":11,"column":25}},"2":{"start":{"line":13,"column":4},"end":{"line":13,"column":25}},"3":{"start":{"line":1,"column":0},"end":{"line":1,"column":13}}},"fnMap":{"0":{"name":"(anonymous_0)","decl":{"start":{"line":7,"column":2},"end":{"line":7,"column":14}},"loc":{"start":{"line":7,"column":59},"end":{"line":15,"column":3}}}},"branchMap":{},"s":{"0":94,"1":94,"2":94,"3":12},"f":{"0":94},"b":{}}
,"C:\\Users\\kovacs.kristof\\Desktop\\MediaHub\\backend\\src\\middleware\\upload.ts": {"path":"C:\\Users\\kovacs.kristof\\Desktop\\MediaHub\\backend\\src\\middleware\\upload.ts","statementMap":{"0":{"start":{"line":1,"column":0},"end":{"line":1,"column":27}},"1":{"start":{"line":2,"column":0},"end":{"line":2,"column":27}},"2":{"start":{"line":3,"column":0},"end":{"line":3,"column":23}},"3":{"start":{"line":4,"column":0},"end":{"line":4,"column":37}},"4":{"start":{"line":5,"column":0},"end":{"line":5,"column":23}},"5":{"start":{"line":6,"column":0},"end":{"line":6,"column":null}},"6":{"start":{"line":8,"column":16},"end":{"line":12,"column":2}},"7":{"start":{"line":10,"column":8},"end":{"line":10,"column":null}},"8":{"start":{"line":14,"column":19},"end":{"line":25,"column":17}},"9":{"start":{"line":18,"column":8},"end":{"line":23,"column":9}},"10":{"start":{"line":19,"column":12},"end":{"line":19,"column":null}},"11":{"start":{"line":22,"column":12},"end":{"line":22,"column":null}},"12":{"start":{"line":27,"column":13},"end":{"line":27,"column":null}}},"fnMap":{"0":{"name":"(anonymous_1)","decl":{"start":{"line":9,"column":17},"end":{"line":9,"column":18}},"loc":{"start":{"line":9,"column":35},"end":{"line":11,"column":5}}},"1":{"name":"(anonymous_2)","decl":{"start":{"line":17,"column":16},"end":{"line":17,"column":17}},"loc":{"start":{"line":17,"column":35},"end":{"line":24,"column":5}}}},"branchMap":{"0":{"loc":{"start":{"line":18,"column":8},"end":{"line":23,"column":9}},"type":"if","locations":[{"start":{"line":18,"column":8},"end":{"line":23,"column":9}},{"start":{"line":21,"column":13},"end":{"line":23,"column":9}}]},"1":{"loc":{"start":{"line":18,"column":12},"end":{"line":18,"column":105}},"type":"binary-expr","locations":[{"start":{"line":18,"column":12},"end":{"line":18,"column":40}},{"start":{"line":18,"column":44},"end":{"line":18,"column":72}},{"start":{"line":18,"column":76},"end":{"line":18,"column":105}}]}},"s":{"0":1,"1":1,"2":1,"3":1,"4":1,"5":1,"6":1,"7":0,"8":1,"9":0,"10":0,"11":0,"12":1},"f":{"0":0,"1":0},"b":{"0":[0,0],"1":[0,0,0]}}
,"C:\\Users\\kovacs.kristof\\Desktop\\MediaHub\\backend\\src\\order\\order.ts": {"path":"C:\\Users\\kovacs.kristof\\Desktop\\MediaHub\\backend\\src\\order\\order.ts","statementMap":{"0":{"start":{"line":19,"column":8},"end":{"line":19,"column":null}},"1":{"start":{"line":20,"column":8},"end":{"line":20,"column":null}},"2":{"start":{"line":21,"column":8},"end":{"line":21,"column":null}},"3":{"start":{"line":22,"column":8},"end":{"line":22,"column":null}},"4":{"start":{"line":23,"column":8},"end":{"line":23,"column":null}},"5":{"start":{"line":24,"column":8},"end":{"line":24,"column":null}},"6":{"start":{"line":29,"column":0},"end":{"line":29,"column":21}}},"fnMap":{"0":{"name":"(anonymous_0)","decl":{"start":{"line":18,"column":4},"end":{"line":18,"column":16}},"loc":{"start":{"line":18,"column":28},"end":{"line":25,"column":5}}}},"branchMap":{},"s":{"0":6,"1":6,"2":6,"3":6,"4":6,"5":6,"6":1},"f":{"0":6},"b":{}}
,"C:\\Users\\kovacs.kristof\\Desktop\\MediaHub\\backend\\src\\order\\ordersController.ts": {"path":"C:\\Users\\kovacs.kristof\\Desktop\\MediaHub\\backend\\src\\order\\ordersController.ts","statementMap":{"0":{"start":{"line":2,"column":0},"end":{"line":2,"column":28}},"1":{"start":{"line":3,"column":0},"end":{"line":3,"column":47}},"2":{"start":{"line":4,"column":0},"end":{"line":4,"column":52}},"3":{"start":{"line":6,"column":26},"end":{"line":6,"column":40}},"4":{"start":{"line":10,"column":4},"end":{"line":19,"column":5}},"5":{"start":{"line":11,"column":8},"end":{"line":13,"column":9}},"6":{"start":{"line":12,"column":12},"end":{"line":12,"column":null}},"7":{"start":{"line":14,"column":24},"end":{"line":14,"column":49}},"8":{"start":{"line":15,"column":8},"end":{"line":15,"column":null}},"9":{"start":{"line":18,"column":8},"end":{"line":18,"column":null}},"10":{"start":{"line":22,"column":4},"end":{"line":33,"column":5}},"11":{"start":{"line":23,"column":8},"end":{"line":25,"column":9}},"12":{"start":{"line":24,"column":12},"end":{"line":24,"column":null}},"13":{"start":{"line":26,"column":25},"end":{"line":26,"column":40}},"14":{"start":{"line":28,"column":24},"end":{"line":28,"column":55}},"15":{"start":{"line":29,"column":8},"end":{"line":29,"column":null}},"16":{"start":{"line":32,"column":8},"end":{"line":32,"column":null}},"17":{"start":{"line":37,"column":4},"end":{"line":48,"column":5}},"18":{"start":{"line":38,"column":8},"end":{"line":40,"column":9}},"19":{"start":{"line":39,"column":12},"end":{"line":39,"column":null}},"20":{"start":{"line":41,"column":25},"end":{"line":41,"column":40}},"21":{"start":{"line":43,"column":24},"end":{"line":43,"column":60}},"22":{"start":{"line":44,"column":8},"end":{"line":44,"column":null}},"23":{"start":{"line":47,"column":8},"end":{"line":47,"column":null}},"24":{"start":{"line":52,"column":4},"end":{"line":74,"column":5}},"25":{"start":{"line":53,"column":8},"end":{"line":55,"column":9}},"26":{"start":{"line":54,"column":12},"end":{"line":54,"column":null}},"27":{"start":{"line":56,"column":8},"end":{"line":58,"column":9}},"28":{"start":{"line":57,"column":12},"end":{"line":57,"column":null}},"29":{"start":{"line":59,"column":26},"end":{"line":59,"column":49}},"30":{"start":{"line":60,"column":8},"end":{"line":62,"column":9}},"31":{"start":{"line":61,"column":12},"end":{"line":61,"column":null}},"32":{"start":{"line":63,"column":8},"end":{"line":65,"column":9}},"33":{"start":{"line":64,"column":13},"end":{"line":64,"column":null}},"34":{"start":{"line":66,"column":8},"end":{"line":68,"column":9}},"35":{"start":{"line":67,"column":12},"end":{"line":67,"column":null}},"36":{"start":{"line":69,"column":24},"end":{"line":69,"column":109}},"37":{"start":{"line":70,"column":8},"end":{"line":70,"column":null}},"38":{"start":{"line":73,"column":8},"end":{"line":73,"column":null}},"39":{"start":{"line":79,"column":4},"end":{"line":107,"column":5}},"40":{"start":{"line":80,"column":25},"end":{"line":80,"column":52}},"41":{"start":{"line":81,"column":8},"end":{"line":83,"column":9}},"42":{"start":{"line":82,"column":12},"end":{"line":82,"column":null}},"43":{"start":{"line":84,"column":8},"end":{"line":86,"column":9}},"44":{"start":{"line":85,"column":12},"end":{"line":85,"column":null}},"45":{"start":{"line":87,"column":8},"end":{"line":89,"column":9}},"46":{"start":{"line":88,"column":12},"end":{"line":88,"column":null}},"47":{"start":{"line":90,"column":24},"end":{"line":90,"column":47}},"48":{"start":{"line":91,"column":30},"end":{"line":91,"column":82}},"49":{"start":{"line":92,"column":21},"end":{"line":92,"column":89}},"50":{"start":{"line":92,"column":61},"end":{"line":92,"column":88}},"51":{"start":{"line":94,"column":8},"end":{"line":96,"column":9}},"52":{"start":{"line":95,"column":12},"end":{"line":95,"column":null}},"53":{"start":{"line":97,"column":29},"end":{"line":97,"column":69}},"54":{"start":{"line":97,"column":45},"end":{"line":97,"column":57}},"55":{"start":{"line":98,"column":23},"end":{"line":98,"column":51}},"56":{"start":{"line":98,"column":40},"end":{"line":98,"column":50}},"57":{"start":{"line":99,"column":8},"end":{"line":99,"column":null}},"58":{"start":{"line":100,"column":20},"end":{"line":100,"column":70}},"59":{"start":{"line":101,"column":24},"end":{"line":101,"column":78}},"60":{"start":{"line":102,"column":8},"end":{"line":102,"column":null}},"61":{"start":{"line":103,"column":8},"end":{"line":103,"column":null}},"62":{"start":{"line":106,"column":8},"end":{"line":106,"column":null}},"63":{"start":{"line":8,"column":0},"end":{"line":8,"column":13}}},"fnMap":{"0":{"name":"(anonymous_8)","decl":{"start":{"line":9,"column":7},"end":{"line":9,"column":16}},"loc":{"start":{"line":9,"column":49},"end":{"line":20,"column":null}}},"1":{"name":"(anonymous_10)","decl":{"start":{"line":21,"column":7},"end":{"line":21,"column":20}},"loc":{"start":{"line":21,"column":53},"end":{"line":34,"column":null}}},"2":{"name":"(anonymous_12)","decl":{"start":{"line":36,"column":7},"end":{"line":36,"column":25}},"loc":{"start":{"line":36,"column":58},"end":{"line":49,"column":null}}},"3":{"name":"(anonymous_14)","decl":{"start":{"line":51,"column":7},"end":{"line":51,"column":18}},"loc":{"start":{"line":51,"column":51},"end":{"line":76,"column":null}}},"4":{"name":"(anonymous_16)","decl":{"start":{"line":78,"column":7},"end":{"line":78,"column":18}},"loc":{"start":{"line":78,"column":51},"end":{"line":108,"column":null}}},"5":{"name":"(anonymous_18)","decl":{"start":{"line":92,"column":54},"end":{"line":92,"column":57}},"loc":{"start":{"line":92,"column":61},"end":{"line":92,"column":88}}},"6":{"name":"(anonymous_19)","decl":{"start":{"line":97,"column":38},"end":{"line":97,"column":41}},"loc":{"start":{"line":97,"column":45},"end":{"line":97,"column":57}}},"7":{"name":"(anonymous_20)","decl":{"start":{"line":98,"column":33},"end":{"line":98,"column":36}},"loc":{"start":{"line":98,"column":40},"end":{"line":98,"column":50}}}},"branchMap":{"0":{"loc":{"start":{"line":11,"column":8},"end":{"line":13,"column":9}},"type":"if","locations":[{"start":{"line":11,"column":8},"end":{"line":13,"column":9}},{"start":{},"end":{}}]},"1":{"loc":{"start":{"line":18,"column":31},"end":{"line":18,"column":50}},"type":"binary-expr","locations":[{"start":{"line":18,"column":31},"end":{"line":18,"column":43}},{"start":{"line":18,"column":47},"end":{"line":18,"column":50}}]},"2":{"loc":{"start":{"line":18,"column":57},"end":{"line":18,"column":88}},"type":"binary-expr","locations":[{"start":{"line":18,"column":57},"end":{"line":18,"column":70}},{"start":{"line":18,"column":74},"end":{"line":18,"column":88}}]},"3":{"loc":{"start":{"line":23,"column":8},"end":{"line":25,"column":9}},"type":"if","locations":[{"start":{"line":23,"column":8},"end":{"line":25,"column":9}},{"start":{},"end":{}}]},"4":{"loc":{"start":{"line":32,"column":31},"end":{"line":32,"column":50}},"type":"binary-expr","locations":[{"start":{"line":32,"column":31},"end":{"line":32,"column":43}},{"start":{"line":32,"column":47},"end":{"line":32,"column":50}}]},"5":{"loc":{"start":{"line":32,"column":57},"end":{"line":32,"column":88}},"type":"binary-expr","locations":[{"start":{"line":32,"column":57},"end":{"line":32,"column":70}},{"start":{"line":32,"column":74},"end":{"line":32,"column":88}}]},"6":{"loc":{"start":{"line":38,"column":8},"end":{"line":40,"column":9}},"type":"if","locations":[{"start":{"line":38,"column":8},"end":{"line":40,"column":9}},{"start":{},"end":{}}]},"7":{"loc":{"start":{"line":47,"column":31},"end":{"line":47,"column":50}},"type":"binary-expr","locations":[{"start":{"line":47,"column":31},"end":{"line":47,"column":43}},{"start":{"line":47,"column":47},"end":{"line":47,"column":50}}]},"8":{"loc":{"start":{"line":47,"column":57},"end":{"line":47,"column":88}},"type":"binary-expr","locations":[{"start":{"line":47,"column":57},"end":{"line":47,"column":70}},{"start":{"line":47,"column":74},"end":{"line":47,"column":88}}]},"9":{"loc":{"start":{"line":53,"column":8},"end":{"line":55,"column":9}},"type":"if","locations":[{"start":{"line":53,"column":8},"end":{"line":55,"column":9}},{"start":{},"end":{}}]},"10":{"loc":{"start":{"line":56,"column":8},"end":{"line":58,"column":9}},"type":"if","locations":[{"start":{"line":56,"column":8},"end":{"line":58,"column":9}},{"start":{},"end":{}}]},"11":{"loc":{"start":{"line":60,"column":8},"end":{"line":62,"column":9}},"type":"if","locations":[{"start":{"line":60,"column":8},"end":{"line":62,"column":9}},{"start":{},"end":{}}]},"12":{"loc":{"start":{"line":63,"column":8},"end":{"line":65,"column":9}},"type":"if","locations":[{"start":{"line":63,"column":8},"end":{"line":65,"column":9}},{"start":{},"end":{}}]},"13":{"loc":{"start":{"line":63,"column":13},"end":{"line":63,"column":68}},"type":"binary-expr","locations":[{"start":{"line":63,"column":13},"end":{"line":63,"column":31}},{"start":{"line":63,"column":35},"end":{"line":63,"column":46}},{"start":{"line":63,"column":50},"end":{"line":63,"column":68}}]},"14":{"loc":{"start":{"line":66,"column":8},"end":{"line":68,"column":9}},"type":"if","locations":[{"start":{"line":66,"column":8},"end":{"line":68,"column":9}},{"start":{},"end":{}}]},"15":{"loc":{"start":{"line":73,"column":31},"end":{"line":73,"column":50}},"type":"binary-expr","locations":[{"start":{"line":73,"column":31},"end":{"line":73,"column":43}},{"start":{"line":73,"column":47},"end":{"line":73,"column":50}}]},"16":{"loc":{"start":{"line":73,"column":57},"end":{"line":73,"column":88}},"type":"binary-expr","locations":[{"start":{"line":73,"column":57},"end":{"line":73,"column":70}},{"start":{"line":73,"column":74},"end":{"line":73,"column":88}}]},"17":{"loc":{"start":{"line":81,"column":8},"end":{"line":83,"column":9}},"type":"if","locations":[{"start":{"line":81,"column":8},"end":{"line":83,"column":9}},{"start":{},"end":{}}]},"18":{"loc":{"start":{"line":84,"column":8},"end":{"line":86,"column":9}},"type":"if","locations":[{"start":{"line":84,"column":8},"end":{"line":86,"column":9}},{"start":{},"end":{}}]},"19":{"loc":{"start":{"line":87,"column":8},"end":{"line":89,"column":9}},"type":"if","locations":[{"start":{"line":87,"column":8},"end":{"line":89,"column":9}},{"start":{},"end":{}}]},"20":{"loc":{"start":{"line":94,"column":8},"end":{"line":96,"column":9}},"type":"if","locations":[{"start":{"line":94,"column":8},"end":{"line":96,"column":9}},{"start":{},"end":{}}]},"21":{"loc":{"start":{"line":106,"column":31},"end":{"line":106,"column":50}},"type":"binary-expr","locations":[{"start":{"line":106,"column":31},"end":{"line":106,"column":43}},{"start":{"line":106,"column":47},"end":{"line":106,"column":50}}]},"22":{"loc":{"start":{"line":106,"column":57},"end":{"line":106,"column":88}},"type":"binary-expr","locations":[{"start":{"line":106,"column":57},"end":{"line":106,"column":70}},{"start":{"line":106,"column":74},"end":{"line":106,"column":88}}]}},"s":{"0":1,"1":1,"2":1,"3":1,"4":2,"5":2,"6":1,"7":1,"8":1,"9":1,"10":2,"11":2,"12":1,"13":1,"14":1,"15":1,"16":1,"17":2,"18":2,"19":1,"20":1,"21":1,"22":1,"23":1,"24":6,"25":6,"26":1,"27":5,"28":1,"29":4,"30":4,"31":1,"32":3,"33":1,"34":2,"35":1,"36":1,"37":1,"38":5,"39":5,"40":5,"41":5,"42":1,"43":4,"44":1,"45":3,"46":1,"47":2,"48":2,"49":2,"50":2,"51":2,"52":1,"53":1,"54":1,"55":1,"56":1,"57":1,"58":1,"59":1,"60":1,"61":1,"62":4,"63":1},"f":{"0":2,"1":2,"2":2,"3":6,"4":5,"5":2,"6":1,"7":1},"b":{"0":[1,1],"1":[1,0],"2":[1,0],"3":[1,1],"4":[1,0],"5":[1,0],"6":[1,1],"7":[1,0],"8":[1,0],"9":[1,5],"10":[1,4],"11":[1,3],"12":[1,2],"13":[3,3,3],"14":[1,1],"15":[5,0],"16":[5,0],"17":[1,4],"18":[1,3],"19":[1,2],"20":[1,1],"21":[4,0],"22":[4,0]}}
,"C:\\Users\\kovacs.kristof\\Desktop\\MediaHub\\backend\\src\\repisotaries\\itemRep.ts": {"path":"C:\\Users\\kovacs.kristof\\Desktop\\MediaHub\\backend\\src\\repisotaries\\itemRep.ts","statementMap":{"0":{"start":{"line":1,"column":0},"end":{"line":1,"column":38}},"1":{"start":{"line":2,"column":0},"end":{"line":2,"column":34}},"2":{"start":{"line":3,"column":0},"end":{"line":3,"column":52}},"3":{"start":{"line":8,"column":18},"end":{"line":8,"column":116}},"4":{"start":{"line":9,"column":21},"end":{"line":9,"column":23}},"5":{"start":{"line":10,"column":8},"end":{"line":12,"column":9}},"6":{"start":{"line":11,"column":12},"end":{"line":11,"column":null}},"7":{"start":{"line":13,"column":8},"end":{"line":13,"column":34}},"8":{"start":{"line":14,"column":8},"end":{"line":16,"column":9}},"9":{"start":{"line":15,"column":12},"end":{"line":15,"column":null}},"10":{"start":{"line":17,"column":8},"end":{"line":19,"column":9}},"11":{"start":{"line":18,"column":12},"end":{"line":18,"column":null}},"12":{"start":{"line":20,"column":8},"end":{"line":23,"column":9}},"13":{"start":{"line":21,"column":12},"end":{"line":21,"column":null}},"14":{"start":{"line":22,"column":12},"end":{"line":22,"column":null}},"15":{"start":{"line":24,"column":8},"end":{"line":26,"column":9}},"16":{"start":{"line":25,"column":12},"end":{"line":25,"column":null}},"17":{"start":{"line":28,"column":8},"end":{"line":37,"column":9}},"18":{"start":{"line":29,"column":12},"end":{"line":29,"column":null}},"19":{"start":{"line":30,"column":12},"end":{"line":36,"column":13}},"20":{"start":{"line":30,"column":25},"end":{"line":30,"column":26}},"21":{"start":{"line":31,"column":16},"end":{"line":33,"column":17}},"22":{"start":{"line":32,"column":20},"end":{"line":32,"column":null}},"23":{"start":{"line":34,"column":16},"end":{"line":34,"column":44}},"24":{"start":{"line":35,"column":16},"end":{"line":35,"column":null}},"25":{"start":{"line":39,"column":8},"end":{"line":46,"column":9}},"26":{"start":{"line":40,"column":12},"end":{"line":40,"column":50}},"27":{"start":{"line":41,"column":12},"end":{"line":41,"column":null}},"28":{"start":{"line":43,"column":13},"end":{"line":46,"column":9}},"29":{"start":{"line":44,"column":12},"end":{"line":44,"column":53}},"30":{"start":{"line":45,"column":12},"end":{"line":45,"column":null}},"31":{"start":{"line":48,"column":8},"end":{"line":48,"column":null}},"32":{"start":{"line":49,"column":27},"end":{"line":49,"column":72}},"33":{"start":{"line":51,"column":26},"end":{"line":52,"column":null}},"34":{"start":{"line":55,"column":8},"end":{"line":55,"column":null}},"35":{"start":{"line":57,"column":8},"end":{"line":57,"column":null}},"36":{"start":{"line":62,"column":27},"end":{"line":62,"column":72}},"37":{"start":{"line":63,"column":26},"end":{"line":64,"column":null}},"38":{"start":{"line":66,"column":8},"end":{"line":66,"column":null}},"39":{"start":{"line":67,"column":8},"end":{"line":67,"column":null}},"40":{"start":{"line":71,"column":27},"end":{"line":71,"column":72}},"41":{"start":{"line":72,"column":26},"end":{"line":77,"column":null}},"42":{"start":{"line":79,"column":8},"end":{"line":79,"column":null}},"43":{"start":{"line":80,"column":8},"end":{"line":80,"column":null}},"44":{"start":{"line":84,"column":27},"end":{"line":84,"column":72}},"45":{"start":{"line":85,"column":26},"end":{"line":90,"column":null}},"46":{"start":{"line":92,"column":8},"end":{"line":92,"column":null}},"47":{"start":{"line":93,"column":8},"end":{"line":93,"column":null}},"48":{"start":{"line":97,"column":27},"end":{"line":97,"column":72}},"49":{"start":{"line":98,"column":8},"end":{"line":98,"column":null}},"50":{"start":{"line":99,"column":26},"end":{"line":100,"column":null}},"51":{"start":{"line":102,"column":8},"end":{"line":106,"column":9}},"52":{"start":{"line":103,"column":12},"end":{"line":103,"column":null}},"53":{"start":{"line":104,"column":12},"end":{"line":104,"column":null}},"54":{"start":{"line":105,"column":12},"end":{"line":105,"column":null}},"55":{"start":{"line":107,"column":8},"end":{"line":107,"column":null}},"56":{"start":{"line":108,"column":8},"end":{"line":108,"column":null}},"57":{"start":{"line":109,"column":8},"end":{"line":109,"column":null}},"58":{"start":{"line":110,"column":8},"end":{"line":110,"column":null}},"59":{"start":{"line":114,"column":27},"end":{"line":114,"column":72}},"60":{"start":{"line":115,"column":8},"end":{"line":115,"column":null}},"61":{"start":{"line":116,"column":26},"end":{"line":117,"column":null}},"62":{"start":{"line":119,"column":8},"end":{"line":123,"column":9}},"63":{"start":{"line":120,"column":12},"end":{"line":120,"column":null}},"64":{"start":{"line":121,"column":12},"end":{"line":121,"column":null}},"65":{"start":{"line":122,"column":12},"end":{"line":122,"column":null}},"66":{"start":{"line":124,"column":8},"end":{"line":131,"column":9}},"67":{"start":{"line":124,"column":21},"end":{"line":124,"column":22}},"68":{"start":{"line":125,"column":34},"end":{"line":125,"column":36}},"69":{"start":{"line":126,"column":12},"end":{"line":126,"column":null}},"70":{"start":{"line":127,"column":12},"end":{"line":127,"column":null}},"71":{"start":{"line":128,"column":12},"end":{"line":130,"column":null}},"72":{"start":{"line":132,"column":8},"end":{"line":132,"column":null}},"73":{"start":{"line":133,"column":8},"end":{"line":133,"column":null}},"74":{"start":{"line":134,"column":8},"end":{"line":134,"column":null}},"75":{"start":{"line":138,"column":27},"end":{"line":138,"column":72}},"76":{"start":{"line":139,"column":8},"end":{"line":139,"column":null}},"77":{"start":{"line":140,"column":26},"end":{"line":141,"column":null}},"78":{"start":{"line":143,"column":8},"end":{"line":146,"column":9}},"79":{"start":{"line":144,"column":12},"end":{"line":144,"column":null}},"80":{"start":{"line":145,"column":12},"end":{"line":145,"column":null}},"81":{"start":{"line":147,"column":8},"end":{"line":158,"column":9}},"82":{"start":{"line":148,"column":12},"end":{"line":150,"column":null}},"83":{"start":{"line":151,"column":12},"end":{"line":157,"column":13}},"84":{"start":{"line":151,"column":25},"end":{"line":151,"column":26}},"85":{"start":{"line":152,"column":38},"end":{"line":152,"column":63}},"86":{"start":{"line":153,"column":16},"end":{"line":153,"column":null}},"87":{"start":{"line":154,"column":16},"end":{"line":156,"column":null}},"88":{"start":{"line":159,"column":8},"end":{"line":159,"column":null}},"89":{"start":{"line":160,"column":8},"end":{"line":160,"column":null}},"90":{"start":{"line":161,"column":8},"end":{"line":161,"column":null}},"91":{"start":{"line":5,"column":0},"end":{"line":5,"column":13}}},"fnMap":{"0":{"name":"(anonymous_8)","decl":{"start":{"line":6,"column":10},"end":{"line":6,"column":17}},"loc":{"start":{"line":6,"column":81},"end":{"line":59,"column":null}}},"1":{"name":"(anonymous_10)","decl":{"start":{"line":61,"column":10},"end":{"line":61,"column":20}},"loc":{"start":{"line":61,"column":31},"end":{"line":68,"column":null}}},"2":{"name":"(anonymous_12)","decl":{"start":{"line":70,"column":10},"end":{"line":70,"column":26}},"loc":{"start":{"line":70,"column":37},"end":{"line":81,"column":null}}},"3":{"name":"(anonymous_14)","decl":{"start":{"line":83,"column":10},"end":{"line":83,"column":23}},"loc":{"start":{"line":83,"column":34},"end":{"line":94,"column":null}}},"4":{"name":"(anonymous_16)","decl":{"start":{"line":96,"column":10},"end":{"line":96,"column":20}},"loc":{"start":{"line":96,"column":31},"end":{"line":111,"column":null}}},"5":{"name":"(anonymous_18)","decl":{"start":{"line":113,"column":10},"end":{"line":113,"column":20}},"loc":{"start":{"line":113,"column":119},"end":{"line":135,"column":null}}},"6":{"name":"(anonymous_20)","decl":{"start":{"line":137,"column":10},"end":{"line":137,"column":20}},"loc":{"start":{"line":137,"column":72},"end":{"line":163,"column":null}}}},"branchMap":{"0":{"loc":{"start":{"line":10,"column":8},"end":{"line":12,"column":9}},"type":"if","locations":[{"start":{"line":10,"column":8},"end":{"line":12,"column":9}},{"start":{},"end":{}}]},"1":{"loc":{"start":{"line":14,"column":8},"end":{"line":16,"column":9}},"type":"if","locations":[{"start":{"line":14,"column":8},"end":{"line":16,"column":9}},{"start":{},"end":{}}]},"2":{"loc":{"start":{"line":17,"column":8},"end":{"line":19,"column":9}},"type":"if","locations":[{"start":{"line":17,"column":8},"end":{"line":19,"column":9}},{"start":{},"end":{}}]},"3":{"loc":{"start":{"line":17,"column":12},"end":{"line":17,"column":24}},"type":"binary-expr","locations":[{"start":{"line":17,"column":12},"end":{"line":17,"column":16}},{"start":{"line":17,"column":20},"end":{"line":17,"column":24}}]},"4":{"loc":{"start":{"line":20,"column":8},"end":{"line":23,"column":9}},"type":"if","locations":[{"start":{"line":20,"column":8},"end":{"line":23,"column":9}},{"start":{},"end":{}}]},"5":{"loc":{"start":{"line":24,"column":8},"end":{"line":26,"column":9}},"type":"if","locations":[{"start":{"line":24,"column":8},"end":{"line":26,"column":9}},{"start":{},"end":{}}]},"6":{"loc":{"start":{"line":24,"column":12},"end":{"line":24,"column":24}},"type":"binary-expr","locations":[{"start":{"line":24,"column":12},"end":{"line":24,"column":16}},{"start":{"line":24,"column":20},"end":{"line":24,"column":24}}]},"7":{"loc":{"start":{"line":28,"column":8},"end":{"line":37,"column":9}},"type":"if","locations":[{"start":{"line":28,"column":8},"end":{"line":37,"column":9}},{"start":{},"end":{}}]},"8":{"loc":{"start":{"line":31,"column":16},"end":{"line":33,"column":17}},"type":"if","locations":[{"start":{"line":31,"column":16},"end":{"line":33,"column":17}},{"start":{},"end":{}}]},"9":{"loc":{"start":{"line":39,"column":8},"end":{"line":46,"column":9}},"type":"if","locations":[{"start":{"line":39,"column":8},"end":{"line":46,"column":9}},{"start":{"line":43,"column":13},"end":{"line":46,"column":9}}]},"10":{"loc":{"start":{"line":39,"column":13},"end":{"line":39,"column":37}},"type":"binary-expr","locations":[{"start":{"line":39,"column":14},"end":{"line":39,"column":18}},{"start":{"line":39,"column":22},"end":{"line":39,"column":26}},{"start":{"line":39,"column":31},"end":{"line":39,"column":37}}]},"11":{"loc":{"start":{"line":43,"column":13},"end":{"line":46,"column":9}},"type":"if","locations":[{"start":{"line":43,"column":13},"end":{"line":46,"column":9}},{"start":{},"end":{}}]},"12":{"loc":{"start":{"line":102,"column":8},"end":{"line":106,"column":9}},"type":"if","locations":[{"start":{"line":102,"column":8},"end":{"line":106,"column":9}},{"start":{},"end":{}}]},"13":{"loc":{"start":{"line":119,"column":8},"end":{"line":123,"column":9}},"type":"if","locations":[{"start":{"line":119,"column":8},"end":{"line":123,"column":9}},{"start":{},"end":{}}]},"14":{"loc":{"start":{"line":143,"column":8},"end":{"line":146,"column":9}},"type":"if","locations":[{"start":{"line":143,"column":8},"end":{"line":146,"column":9}},{"start":{},"end":{}}]},"15":{"loc":{"start":{"line":147,"column":8},"end":{"line":158,"column":9}},"type":"if","locations":[{"start":{"line":147,"column":8},"end":{"line":158,"column":9}},{"start":{},"end":{}}]}},"s":{"0":1,"1":1,"2":1,"3":1,"4":1,"5":1,"6":1,"7":1,"8":1,"9":1,"10":1,"11":1,"12":1,"13":1,"14":1,"15":1,"16":1,"17":1,"18":1,"19":1,"20":1,"21":2,"22":1,"23":2,"24":2,"25":1,"26":1,"27":1,"28":0,"29":0,"30":0,"31":1,"32":1,"33":1,"34":1,"35":1,"36":1,"37":1,"38":1,"39":1,"40":1,"41":1,"42":1,"43":1,"44":1,"45":1,"46":1,"47":1,"48":2,"49":2,"50":2,"51":2,"52":1,"53":1,"54":1,"55":1,"56":1,"57":1,"58":1,"59":2,"60":2,"61":2,"62":2,"63":1,"64":1,"65":1,"66":1,"67":1,"68":2,"69":2,"70":2,"71":2,"72":1,"73":1,"74":1,"75":1,"76":1,"77":1,"78":1,"79":0,"80":0,"81":1,"82":1,"83":1,"84":1,"85":2,"86":2,"87":2,"88":1,"89":1,"90":1,"91":1},"f":{"0":1,"1":1,"2":1,"3":1,"4":2,"5":2,"6":1},"b":{"0":[1,0],"1":[1,0],"2":[1,0],"3":[1,0],"4":[1,0],"5":[1,0],"6":[1,1],"7":[1,0],"8":[1,1],"9":[1,0],"10":[1,0,1],"11":[0,0],"12":[1,1],"13":[1,1],"14":[0,1],"15":[1,0]}}
,"C:\\Users\\kovacs.kristof\\Desktop\\MediaHub\\backend\\src\\repisotaries\\orderRep.ts": {"path":"C:\\Users\\kovacs.kristof\\Desktop\\MediaHub\\backend\\src\\repisotaries\\orderRep.ts","statementMap":{"0":{"start":{"line":1,"column":0},"end":{"line":1,"column":38}},"1":{"start":{"line":2,"column":0},"end":{"line":2,"column":34}},"2":{"start":{"line":3,"column":0},"end":{"line":3,"column":52}},"3":{"start":{"line":7,"column":27},"end":{"line":7,"column":72}},"4":{"start":{"line":8,"column":26},"end":{"line":9,"column":null}},"5":{"start":{"line":11,"column":8},"end":{"line":11,"column":null}},"6":{"start":{"line":12,"column":8},"end":{"line":12,"column":null}},"7":{"start":{"line":16,"column":27},"end":{"line":16,"column":72}},"8":{"start":{"line":17,"column":26},"end":{"line":18,"column":null}},"9":{"start":{"line":20,"column":8},"end":{"line":20,"column":null}},"10":{"start":{"line":21,"column":8},"end":{"line":21,"column":null}},"11":{"start":{"line":25,"column":27},"end":{"line":25,"column":72}},"12":{"start":{"line":26,"column":26},"end":{"line":30,"column":null}},"13":{"start":{"line":32,"column":8},"end":{"line":32,"column":null}},"14":{"start":{"line":33,"column":8},"end":{"line":33,"column":null}},"15":{"start":{"line":37,"column":27},"end":{"line":37,"column":72}},"16":{"start":{"line":38,"column":8},"end":{"line":38,"column":null}},"17":{"start":{"line":39,"column":23},"end":{"line":39,"column":140}},"18":{"start":{"line":40,"column":8},"end":{"line":44,"column":9}},"19":{"start":{"line":41,"column":12},"end":{"line":41,"column":null}},"20":{"start":{"line":42,"column":12},"end":{"line":42,"column":null}},"21":{"start":{"line":43,"column":12},"end":{"line":43,"column":null}},"22":{"start":{"line":45,"column":8},"end":{"line":49,"column":9}},"23":{"start":{"line":46,"column":12},"end":{"line":46,"column":null}},"24":{"start":{"line":47,"column":12},"end":{"line":47,"column":null}},"25":{"start":{"line":48,"column":12},"end":{"line":48,"column":null}},"26":{"start":{"line":50,"column":26},"end":{"line":51,"column":null}},"27":{"start":{"line":53,"column":8},"end":{"line":53,"column":null}},"28":{"start":{"line":54,"column":8},"end":{"line":58,"column":9}},"29":{"start":{"line":55,"column":12},"end":{"line":55,"column":null}},"30":{"start":{"line":57,"column":12},"end":{"line":57,"column":null}},"31":{"start":{"line":60,"column":8},"end":{"line":60,"column":null}},"32":{"start":{"line":61,"column":8},"end":{"line":61,"column":null}},"33":{"start":{"line":66,"column":27},"end":{"line":66,"column":72}},"34":{"start":{"line":67,"column":8},"end":{"line":67,"column":null}},"35":{"start":{"line":68,"column":25},"end":{"line":68,"column":110}},"36":{"start":{"line":69,"column":8},"end":{"line":73,"column":9}},"37":{"start":{"line":70,"column":12},"end":{"line":70,"column":null}},"38":{"start":{"line":71,"column":12},"end":{"line":71,"column":null}},"39":{"start":{"line":72,"column":12},"end":{"line":72,"column":null}},"40":{"start":{"line":74,"column":23},"end":{"line":74,"column":115}},"41":{"start":{"line":75,"column":26},"end":{"line":76,"column":null}},"42":{"start":{"line":79,"column":8},"end":{"line":82,"column":9}},"43":{"start":{"line":81,"column":12},"end":{"line":81,"column":null}},"44":{"start":{"line":83,"column":8},"end":{"line":85,"column":9}},"45":{"start":{"line":84,"column":12},"end":{"line":84,"column":null}},"46":{"start":{"line":86,"column":8},"end":{"line":86,"column":null}},"47":{"start":{"line":87,"column":8},"end":{"line":87,"column":null}},"48":{"start":{"line":88,"column":8},"end":{"line":88,"column":null}},"49":{"start":{"line":5,"column":0},"end":{"line":5,"column":13}}},"fnMap":{"0":{"name":"(anonymous_8)","decl":{"start":{"line":6,"column":10},"end":{"line":6,"column":19}},"loc":{"start":{"line":6,"column":19},"end":{"line":13,"column":null}}},"1":{"name":"(anonymous_10)","decl":{"start":{"line":15,"column":10},"end":{"line":15,"column":23}},"loc":{"start":{"line":15,"column":34},"end":{"line":22,"column":null}}},"2":{"name":"(anonymous_12)","decl":{"start":{"line":24,"column":10},"end":{"line":24,"column":28}},"loc":{"start":{"line":24,"column":39},"end":{"line":34,"column":null}}},"3":{"name":"(anonymous_14)","decl":{"start":{"line":36,"column":10},"end":{"line":36,"column":21}},"loc":{"start":{"line":36,"column":83},"end":{"line":63,"column":null}}},"4":{"name":"(anonymous_16)","decl":{"start":{"line":65,"column":10},"end":{"line":65,"column":21}},"loc":{"start":{"line":65,"column":88},"end":{"line":91,"column":null}}}},"branchMap":{"0":{"loc":{"start":{"line":40,"column":8},"end":{"line":44,"column":9}},"type":"if","locations":[{"start":{"line":40,"column":8},"end":{"line":44,"column":9}},{"start":{},"end":{}}]},"1":{"loc":{"start":{"line":45,"column":8},"end":{"line":49,"column":9}},"type":"if","locations":[{"start":{"line":45,"column":8},"end":{"line":49,"column":9}},{"start":{},"end":{}}]},"2":{"loc":{"start":{"line":54,"column":8},"end":{"line":58,"column":9}},"type":"if","locations":[{"start":{"line":54,"column":8},"end":{"line":58,"column":9}},{"start":{"line":56,"column":14},"end":{"line":58,"column":9}}]},"3":{"loc":{"start":{"line":69,"column":8},"end":{"line":73,"column":9}},"type":"if","locations":[{"start":{"line":69,"column":8},"end":{"line":73,"column":9}},{"start":{},"end":{}}]},"4":{"loc":{"start":{"line":79,"column":8},"end":{"line":82,"column":9}},"type":"if","locations":[{"start":{"line":79,"column":8},"end":{"line":82,"column":9}},{"start":{},"end":{}}]},"5":{"loc":{"start":{"line":79,"column":12},"end":{"line":79,"column":50}},"type":"binary-expr","locations":[{"start":{"line":79,"column":12},"end":{"line":79,"column":29}},{"start":{"line":79,"column":33},"end":{"line":79,"column":50}}]},"6":{"loc":{"start":{"line":83,"column":8},"end":{"line":85,"column":9}},"type":"if","locations":[{"start":{"line":83,"column":8},"end":{"line":85,"column":9}},{"start":{},"end":{}}]}},"s":{"0":1,"1":1,"2":1,"3":1,"4":1,"5":1,"6":1,"7":1,"8":1,"9":1,"10":1,"11":1,"12":1,"13":1,"14":1,"15":4,"16":4,"17":4,"18":4,"19":1,"20":1,"21":1,"22":3,"23":1,"24":1,"25":1,"26":2,"27":2,"28":2,"29":1,"30":1,"31":2,"32":2,"33":4,"34":4,"35":4,"36":4,"37":1,"38":1,"39":1,"40":3,"41":3,"42":3,"43":1,"44":3,"45":1,"46":3,"47":3,"48":3,"49":1},"f":{"0":1,"1":1,"2":1,"3":4,"4":4},"b":{"0":[1,3],"1":[1,2],"2":[1,1],"3":[1,3],"4":[1,2],"5":[3,2],"6":[1,2]}}
,"C:\\Users\\kovacs.kristof\\Desktop\\MediaHub\\backend\\src\\repisotaries\\reviewsRep.ts": {"path":"C:\\Users\\kovacs.kristof\\Desktop\\MediaHub\\backend\\src\\repisotaries\\reviewsRep.ts","statementMap":{"0":{"start":{"line":1,"column":0},"end":{"line":1,"column":38}},"1":{"start":{"line":2,"column":0},"end":{"line":2,"column":34}},"2":{"start":{"line":6,"column":27},"end":{"line":6,"column":72}},"3":{"start":{"line":7,"column":26},"end":{"line":8,"column":null}},"4":{"start":{"line":10,"column":8},"end":{"line":10,"column":null}},"5":{"start":{"line":11,"column":8},"end":{"line":11,"column":null}},"6":{"start":{"line":15,"column":27},"end":{"line":15,"column":72}},"7":{"start":{"line":16,"column":26},"end":{"line":17,"column":null}},"8":{"start":{"line":19,"column":8},"end":{"line":19,"column":null}},"9":{"start":{"line":20,"column":8},"end":{"line":20,"column":null}},"10":{"start":{"line":23,"column":27},"end":{"line":23,"column":72}},"11":{"start":{"line":24,"column":26},"end":{"line":25,"column":null}},"12":{"start":{"line":27,"column":8},"end":{"line":27,"column":null}},"13":{"start":{"line":28,"column":8},"end":{"line":28,"column":null}},"14":{"start":{"line":31,"column":27},"end":{"line":31,"column":72}},"15":{"start":{"line":32,"column":26},"end":{"line":33,"column":null}},"16":{"start":{"line":35,"column":8},"end":{"line":35,"column":null}},"17":{"start":{"line":36,"column":8},"end":{"line":36,"column":null}},"18":{"start":{"line":39,"column":27},"end":{"line":39,"column":72}},"19":{"start":{"line":40,"column":26},"end":{"line":41,"column":null}},"20":{"start":{"line":43,"column":8},"end":{"line":43,"column":null}},"21":{"start":{"line":44,"column":8},"end":{"line":44,"column":null}},"22":{"start":{"line":4,"column":0},"end":{"line":4,"column":13}}},"fnMap":{"0":{"name":"(anonymous_8)","decl":{"start":{"line":5,"column":10},"end":{"line":5,"column":20}},"loc":{"start":{"line":5,"column":20},"end":{"line":12,"column":null}}},"1":{"name":"(anonymous_10)","decl":{"start":{"line":14,"column":10},"end":{"line":14,"column":27}},"loc":{"start":{"line":14,"column":27},"end":{"line":21,"column":null}}},"2":{"name":"(anonymous_12)","decl":{"start":{"line":22,"column":10},"end":{"line":22,"column":22}},"loc":{"start":{"line":22,"column":33},"end":{"line":29,"column":null}}},"3":{"name":"(anonymous_14)","decl":{"start":{"line":30,"column":10},"end":{"line":30,"column":22}},"loc":{"start":{"line":30,"column":89},"end":{"line":37,"column":null}}},"4":{"name":"(anonymous_16)","decl":{"start":{"line":38,"column":10},"end":{"line":38,"column":22}},"loc":{"start":{"line":38,"column":49},"end":{"line":45,"column":null}}}},"branchMap":{},"s":{"0":1,"1":1,"2":1,"3":1,"4":1,"5":1,"6":1,"7":1,"8":1,"9":1,"10":1,"11":1,"12":1,"13":1,"14":1,"15":1,"16":1,"17":1,"18":1,"19":1,"20":1,"21":1,"22":1},"f":{"0":1,"1":1,"2":1,"3":1,"4":1},"b":{}}
,"C:\\Users\\kovacs.kristof\\Desktop\\MediaHub\\backend\\src\\repisotaries\\tagRep.ts": {"path":"C:\\Users\\kovacs.kristof\\Desktop\\MediaHub\\backend\\src\\repisotaries\\tagRep.ts","statementMap":{"0":{"start":{"line":1,"column":0},"end":{"line":1,"column":38}},"1":{"start":{"line":2,"column":0},"end":{"line":2,"column":34}},"2":{"start":{"line":6,"column":27},"end":{"line":6,"column":72}},"3":{"start":{"line":7,"column":26},"end":{"line":8,"column":null}},"4":{"start":{"line":10,"column":8},"end":{"line":10,"column":null}},"5":{"start":{"line":11,"column":8},"end":{"line":11,"column":null}},"6":{"start":{"line":4,"column":0},"end":{"line":4,"column":13}}},"fnMap":{"0":{"name":"(anonymous_8)","decl":{"start":{"line":5,"column":10},"end":{"line":5,"column":17}},"loc":{"start":{"line":5,"column":17},"end":{"line":12,"column":null}}}},"branchMap":{},"s":{"0":1,"1":1,"2":1,"3":1,"4":1,"5":1,"6":1},"f":{"0":1},"b":{}}
,"C:\\Users\\kovacs.kristof\\Desktop\\MediaHub\\backend\\src\\repisotaries\\userRep.ts": {"path":"C:\\Users\\kovacs.kristof\\Desktop\\MediaHub\\backend\\src\\repisotaries\\userRep.ts","statementMap":{"0":{"start":{"line":1,"column":0},"end":{"line":1,"column":38}},"1":{"start":{"line":2,"column":0},"end":{"line":2,"column":34}},"2":{"start":{"line":3,"column":0},"end":{"line":3,"column":52}},"3":{"start":{"line":7,"column":27},"end":{"line":7,"column":72}},"4":{"start":{"line":8,"column":26},"end":{"line":9,"column":null}},"5":{"start":{"line":11,"column":8},"end":{"line":11,"column":null}},"6":{"start":{"line":12,"column":8},"end":{"line":12,"column":null}},"7":{"start":{"line":15,"column":27},"end":{"line":15,"column":72}},"8":{"start":{"line":16,"column":26},"end":{"line":17,"column":null}},"9":{"start":{"line":19,"column":8},"end":{"line":19,"column":null}},"10":{"start":{"line":20,"column":8},"end":{"line":20,"column":null}},"11":{"start":{"line":23,"column":27},"end":{"line":23,"column":72}},"12":{"start":{"line":24,"column":26},"end":{"line":25,"column":null}},"13":{"start":{"line":27,"column":8},"end":{"line":27,"column":null}},"14":{"start":{"line":28,"column":8},"end":{"line":28,"column":null}},"15":{"start":{"line":32,"column":27},"end":{"line":32,"column":72}},"16":{"start":{"line":33,"column":26},"end":{"line":34,"column":null}},"17":{"start":{"line":36,"column":8},"end":{"line":39,"column":9}},"18":{"start":{"line":37,"column":12},"end":{"line":37,"column":null}},"19":{"start":{"line":38,"column":12},"end":{"line":38,"column":null}},"20":{"start":{"line":40,"column":23},"end":{"line":41,"column":null}},"21":{"start":{"line":43,"column":8},"end":{"line":43,"column":null}},"22":{"start":{"line":44,"column":8},"end":{"line":44,"column":null}},"23":{"start":{"line":48,"column":27},"end":{"line":48,"column":72}},"24":{"start":{"line":49,"column":26},"end":{"line":50,"column":null}},"25":{"start":{"line":52,"column":8},"end":{"line":52,"column":null}},"26":{"start":{"line":53,"column":8},"end":{"line":53,"column":null}},"27":{"start":{"line":5,"column":0},"end":{"line":5,"column":13}}},"fnMap":{"0":{"name":"(anonymous_8)","decl":{"start":{"line":6,"column":10},"end":{"line":6,"column":18}},"loc":{"start":{"line":6,"column":18},"end":{"line":13,"column":null}}},"1":{"name":"(anonymous_10)","decl":{"start":{"line":14,"column":10},"end":{"line":14,"column":22}},"loc":{"start":{"line":14,"column":33},"end":{"line":21,"column":null}}},"2":{"name":"(anonymous_12)","decl":{"start":{"line":22,"column":10},"end":{"line":22,"column":20}},"loc":{"start":{"line":22,"column":86},"end":{"line":29,"column":null}}},"3":{"name":"(anonymous_14)","decl":{"start":{"line":31,"column":10},"end":{"line":31,"column":15}},"loc":{"start":{"line":31,"column":47},"end":{"line":45,"column":null}}},"4":{"name":"(anonymous_16)","decl":{"start":{"line":47,"column":10},"end":{"line":47,"column":20}},"loc":{"start":{"line":47,"column":47},"end":{"line":54,"column":null}}}},"branchMap":{"0":{"loc":{"start":{"line":36,"column":8},"end":{"line":39,"column":9}},"type":"if","locations":[{"start":{"line":36,"column":8},"end":{"line":39,"column":9}},{"start":{},"end":{}}]}},"s":{"0":1,"1":1,"2":1,"3":1,"4":1,"5":1,"6":1,"7":1,"8":1,"9":1,"10":1,"11":1,"12":1,"13":1,"14":1,"15":2,"16":2,"17":2,"18":1,"19":1,"20":1,"21":1,"22":1,"23":1,"24":1,"25":1,"26":1,"27":1},"f":{"0":1,"1":1,"2":1,"3":2,"4":1},"b":{"0":[1,1]}}
,"C:\\Users\\kovacs.kristof\\Desktop\\MediaHub\\backend\\src\\review\\review.ts": {"path":"C:\\Users\\kovacs.kristof\\Desktop\\MediaHub\\backend\\src\\review\\review.ts","statementMap":{"0":{"start":{"line":21,"column":8},"end":{"line":21,"column":null}},"1":{"start":{"line":22,"column":8},"end":{"line":22,"column":null}},"2":{"start":{"line":23,"column":8},"end":{"line":23,"column":null}},"3":{"start":{"line":24,"column":8},"end":{"line":24,"column":null}},"4":{"start":{"line":25,"column":8},"end":{"line":25,"column":null}},"5":{"start":{"line":26,"column":8},"end":{"line":26,"column":null}},"6":{"start":{"line":27,"column":8},"end":{"line":27,"column":null}},"7":{"start":{"line":31,"column":0},"end":{"line":31,"column":22}}},"fnMap":{"0":{"name":"(anonymous_0)","decl":{"start":{"line":20,"column":4},"end":{"line":20,"column":16}},"loc":{"start":{"line":20,"column":28},"end":{"line":28,"column":5}}}},"branchMap":{},"s":{"0":7,"1":7,"2":7,"3":7,"4":7,"5":7,"6":7,"7":1},"f":{"0":7},"b":{}}
,"C:\\Users\\kovacs.kristof\\Desktop\\MediaHub\\backend\\src\\review\\reviewController.ts": {"path":"C:\\Users\\kovacs.kristof\\Desktop\\MediaHub\\backend\\src\\review\\reviewController.ts","statementMap":{"0":{"start":{"line":2,"column":0},"end":{"line":2,"column":30}},"1":{"start":{"line":3,"column":0},"end":{"line":3,"column":50}},"2":{"start":{"line":4,"column":0},"end":{"line":4,"column":52}},"3":{"start":{"line":6,"column":27},"end":{"line":6,"column":42}},"4":{"start":{"line":10,"column":8},"end":{"line":16,"column":9}},"5":{"start":{"line":11,"column":28},"end":{"line":11,"column":54}},"6":{"start":{"line":12,"column":12},"end":{"line":12,"column":null}},"7":{"start":{"line":15,"column":12},"end":{"line":15,"column":null}},"8":{"start":{"line":20,"column":8},"end":{"line":29,"column":9}},"9":{"start":{"line":21,"column":12},"end":{"line":23,"column":13}},"10":{"start":{"line":22,"column":16},"end":{"line":22,"column":null}},"11":{"start":{"line":24,"column":28},"end":{"line":24,"column":61}},"12":{"start":{"line":25,"column":12},"end":{"line":25,"column":null}},"13":{"start":{"line":28,"column":12},"end":{"line":28,"column":null}},"14":{"start":{"line":32,"column":8},"end":{"line":45,"column":9}},"15":{"start":{"line":33,"column":12},"end":{"line":35,"column":13}},"16":{"start":{"line":34,"column":16},"end":{"line":34,"column":null}},"17":{"start":{"line":36,"column":29},"end":{"line":36,"column":56}},"18":{"start":{"line":37,"column":12},"end":{"line":39,"column":13}},"19":{"start":{"line":38,"column":16},"end":{"line":38,"column":null}},"20":{"start":{"line":40,"column":28},"end":{"line":40,"column":58}},"21":{"start":{"line":41,"column":12},"end":{"line":41,"column":null}},"22":{"start":{"line":44,"column":12},"end":{"line":44,"column":null}},"23":{"start":{"line":48,"column":8},"end":{"line":67,"column":9}},"24":{"start":{"line":49,"column":12},"end":{"line":51,"column":13}},"25":{"start":{"line":50,"column":16},"end":{"line":50,"column":null}},"26":{"start":{"line":52,"column":12},"end":{"line":54,"column":13}},"27":{"start":{"line":53,"column":16},"end":{"line":53,"column":null}},"28":{"start":{"line":55,"column":32},"end":{"line":55,"column":56}},"29":{"start":{"line":56,"column":12},"end":{"line":58,"column":13}},"30":{"start":{"line":57,"column":16},"end":{"line":57,"column":null}},"31":{"start":{"line":59,"column":12},"end":{"line":61,"column":13}},"32":{"start":{"line":60,"column":16},"end":{"line":60,"column":null}},"33":{"start":{"line":62,"column":28},"end":{"line":62,"column":114}},"34":{"start":{"line":63,"column":12},"end":{"line":63,"column":null}},"35":{"start":{"line":66,"column":12},"end":{"line":66,"column":null}},"36":{"start":{"line":70,"column":8},"end":{"line":102,"column":9}},"37":{"start":{"line":71,"column":12},"end":{"line":73,"column":13}},"38":{"start":{"line":72,"column":16},"end":{"line":72,"column":null}},"39":{"start":{"line":74,"column":29},"end":{"line":74,"column":56}},"40":{"start":{"line":75,"column":12},"end":{"line":77,"column":13}},"41":{"start":{"line":76,"column":16},"end":{"line":76,"column":null}},"42":{"start":{"line":78,"column":12},"end":{"line":80,"column":13}},"43":{"start":{"line":79,"column":16},"end":{"line":79,"column":null}},"44":{"start":{"line":81,"column":30},"end":{"line":81,"column":54}},"45":{"start":{"line":82,"column":34},"end":{"line":82,"column":99}},"46":{"start":{"line":83,"column":25},"end":{"line":83,"column":93}},"47":{"start":{"line":83,"column":65},"end":{"line":83,"column":92}},"48":{"start":{"line":85,"column":12},"end":{"line":87,"column":13}},"49":{"start":{"line":86,"column":16},"end":{"line":86,"column":null}},"50":{"start":{"line":88,"column":12},"end":{"line":92,"column":13}},"51":{"start":{"line":89,"column":16},"end":{"line":91,"column":17}},"52":{"start":{"line":90,"column":20},"end":{"line":90,"column":null}},"53":{"start":{"line":93,"column":33},"end":{"line":93,"column":73}},"54":{"start":{"line":93,"column":49},"end":{"line":93,"column":61}},"55":{"start":{"line":94,"column":27},"end":{"line":94,"column":56}},"56":{"start":{"line":94,"column":44},"end":{"line":94,"column":55}},"57":{"start":{"line":95,"column":12},"end":{"line":95,"column":null}},"58":{"start":{"line":96,"column":24},"end":{"line":96,"column":75}},"59":{"start":{"line":97,"column":28},"end":{"line":97,"column":67}},"60":{"start":{"line":98,"column":12},"end":{"line":98,"column":null}},"61":{"start":{"line":101,"column":12},"end":{"line":101,"column":null}},"62":{"start":{"line":8,"column":0},"end":{"line":8,"column":13}}},"fnMap":{"0":{"name":"(anonymous_8)","decl":{"start":{"line":9,"column":10},"end":{"line":9,"column":20}},"loc":{"start":{"line":9,"column":58},"end":{"line":17,"column":null}}},"1":{"name":"(anonymous_10)","decl":{"start":{"line":19,"column":10},"end":{"line":19,"column":27}},"loc":{"start":{"line":19,"column":60},"end":{"line":30,"column":null}}},"2":{"name":"(anonymous_12)","decl":{"start":{"line":31,"column":10},"end":{"line":31,"column":22}},"loc":{"start":{"line":31,"column":55},"end":{"line":46,"column":null}}},"3":{"name":"(anonymous_14)","decl":{"start":{"line":47,"column":10},"end":{"line":47,"column":22}},"loc":{"start":{"line":47,"column":55},"end":{"line":68,"column":null}}},"4":{"name":"(anonymous_16)","decl":{"start":{"line":69,"column":10},"end":{"line":69,"column":22}},"loc":{"start":{"line":69,"column":55},"end":{"line":103,"column":null}}},"5":{"name":"(anonymous_18)","decl":{"start":{"line":83,"column":58},"end":{"line":83,"column":61}},"loc":{"start":{"line":83,"column":65},"end":{"line":83,"column":92}}},"6":{"name":"(anonymous_19)","decl":{"start":{"line":93,"column":42},"end":{"line":93,"column":45}},"loc":{"start":{"line":93,"column":49},"end":{"line":93,"column":61}}},"7":{"name":"(anonymous_20)","decl":{"start":{"line":94,"column":37},"end":{"line":94,"column":40}},"loc":{"start":{"line":94,"column":44},"end":{"line":94,"column":55}}}},"branchMap":{"0":{"loc":{"start":{"line":21,"column":12},"end":{"line":23,"column":13}},"type":"if","locations":[{"start":{"line":21,"column":12},"end":{"line":23,"column":13}},{"start":{},"end":{}}]},"1":{"loc":{"start":{"line":33,"column":12},"end":{"line":35,"column":13}},"type":"if","locations":[{"start":{"line":33,"column":12},"end":{"line":35,"column":13}},{"start":{},"end":{}}]},"2":{"loc":{"start":{"line":37,"column":12},"end":{"line":39,"column":13}},"type":"if","locations":[{"start":{"line":37,"column":12},"end":{"line":39,"column":13}},{"start":{},"end":{}}]},"3":{"loc":{"start":{"line":49,"column":12},"end":{"line":51,"column":13}},"type":"if","locations":[{"start":{"line":49,"column":12},"end":{"line":51,"column":13}},{"start":{},"end":{}}]},"4":{"loc":{"start":{"line":52,"column":12},"end":{"line":54,"column":13}},"type":"if","locations":[{"start":{"line":52,"column":12},"end":{"line":54,"column":13}},{"start":{},"end":{}}]},"5":{"loc":{"start":{"line":56,"column":12},"end":{"line":58,"column":13}},"type":"if","locations":[{"start":{"line":56,"column":12},"end":{"line":58,"column":13}},{"start":{},"end":{}}]},"6":{"loc":{"start":{"line":56,"column":16},"end":{"line":56,"column":44}},"type":"binary-expr","locations":[{"start":{"line":56,"column":16},"end":{"line":56,"column":28}},{"start":{"line":56,"column":31},"end":{"line":56,"column":44}}]},"7":{"loc":{"start":{"line":59,"column":12},"end":{"line":61,"column":13}},"type":"if","locations":[{"start":{"line":59,"column":12},"end":{"line":61,"column":13}},{"start":{},"end":{}}]},"8":{"loc":{"start":{"line":59,"column":16},"end":{"line":59,"column":52}},"type":"binary-expr","locations":[{"start":{"line":59,"column":16},"end":{"line":59,"column":32}},{"start":{"line":59,"column":36},"end":{"line":59,"column":52}}]},"9":{"loc":{"start":{"line":71,"column":12},"end":{"line":73,"column":13}},"type":"if","locations":[{"start":{"line":71,"column":12},"end":{"line":73,"column":13}},{"start":{},"end":{}}]},"10":{"loc":{"start":{"line":75,"column":12},"end":{"line":77,"column":13}},"type":"if","locations":[{"start":{"line":75,"column":12},"end":{"line":77,"column":13}},{"start":{},"end":{}}]},"11":{"loc":{"start":{"line":78,"column":12},"end":{"line":80,"column":13}},"type":"if","locations":[{"start":{"line":78,"column":12},"end":{"line":80,"column":13}},{"start":{},"end":{}}]},"12":{"loc":{"start":{"line":85,"column":12},"end":{"line":87,"column":13}},"type":"if","locations":[{"start":{"line":85,"column":12},"end":{"line":87,"column":13}},{"start":{},"end":{}}]},"13":{"loc":{"start":{"line":88,"column":12},"end":{"line":92,"column":13}},"type":"if","locations":[{"start":{"line":88,"column":12},"end":{"line":92,"column":13}},{"start":{},"end":{}}]},"14":{"loc":{"start":{"line":89,"column":16},"end":{"line":91,"column":17}},"type":"if","locations":[{"start":{"line":89,"column":16},"end":{"line":91,"column":17}},{"start":{},"end":{}}]},"15":{"loc":{"start":{"line":89,"column":20},"end":{"line":89,"column":56}},"type":"binary-expr","locations":[{"start":{"line":89,"column":20},"end":{"line":89,"column":36}},{"start":{"line":89,"column":40},"end":{"line":89,"column":56}}]}},"s":{"0":1,"1":1,"2":1,"3":1,"4":2,"5":2,"6":1,"7":1,"8":2,"9":2,"10":1,"11":1,"12":1,"13":1,"14":3,"15":3,"16":1,"17":2,"18":2,"19":1,"20":1,"21":1,"22":2,"23":6,"24":6,"25":1,"26":5,"27":1,"28":4,"29":4,"30":1,"31":3,"32":2,"33":1,"34":1,"35":2,"36":6,"37":6,"38":1,"39":5,"40":5,"41":1,"42":4,"43":1,"44":3,"45":3,"46":3,"47":5,"48":3,"49":1,"50":2,"51":2,"52":1,"53":1,"54":2,"55":1,"56":2,"57":1,"58":1,"59":1,"60":1,"61":5,"62":1},"f":{"0":2,"1":2,"2":3,"3":6,"4":6,"5":5,"6":2,"7":2},"b":{"0":[1,1],"1":[1,2],"2":[1,1],"3":[1,5],"4":[1,4],"5":[1,3],"6":[4,3],"7":[2,1],"8":[3,2],"9":[1,5],"10":[1,4],"11":[1,3],"12":[1,2],"13":[2,0],"14":[1,1],"15":[2,1]}}
,"C:\\Users\\kovacs.kristof\\Desktop\\MediaHub\\backend\\src\\service\\itemSer.ts": {"path":"C:\\Users\\kovacs.kristof\\Desktop\\MediaHub\\backend\\src\\service\\itemSer.ts","statementMap":{"0":{"start":{"line":1,"column":0},"end":{"line":1,"column":51}},"1":{"start":{"line":2,"column":0},"end":{"line":2,"column":49}},"2":{"start":{"line":8,"column":8},"end":{"line":8,"column":null}},"3":{"start":{"line":11,"column":24},"end":{"line":11,"column":73}},"4":{"start":{"line":12,"column":8},"end":{"line":14,"column":9}},"5":{"start":{"line":13,"column":12},"end":{"line":13,"column":null}},"6":{"start":{"line":15,"column":8},"end":{"line":15,"column":null}},"7":{"start":{"line":20,"column":24},"end":{"line":20,"column":60}},"8":{"start":{"line":21,"column":8},"end":{"line":23,"column":9}},"9":{"start":{"line":22,"column":12},"end":{"line":22,"column":null}},"10":{"start":{"line":24,"column":8},"end":{"line":24,"column":null}},"11":{"start":{"line":28,"column":24},"end":{"line":28,"column":66}},"12":{"start":{"line":29,"column":8},"end":{"line":31,"column":9}},"13":{"start":{"line":30,"column":12},"end":{"line":30,"column":null}},"14":{"start":{"line":32,"column":8},"end":{"line":32,"column":null}},"15":{"start":{"line":36,"column":24},"end":{"line":36,"column":63}},"16":{"start":{"line":37,"column":8},"end":{"line":39,"column":9}},"17":{"start":{"line":38,"column":12},"end":{"line":38,"column":null}},"18":{"start":{"line":40,"column":8},"end":{"line":40,"column":null}},"19":{"start":{"line":44,"column":24},"end":{"line":44,"column":60}},"20":{"start":{"line":45,"column":8},"end":{"line":47,"column":9}},"21":{"start":{"line":46,"column":12},"end":{"line":46,"column":null}},"22":{"start":{"line":48,"column":8},"end":{"line":48,"column":null}},"23":{"start":{"line":52,"column":24},"end":{"line":52,"column":106}},"24":{"start":{"line":53,"column":8},"end":{"line":53,"column":null}},"25":{"start":{"line":57,"column":24},"end":{"line":57,"column":84}},"26":{"start":{"line":58,"column":8},"end":{"line":58,"column":null}},"27":{"start":{"line":4,"column":0},"end":{"line":4,"column":13}}},"fnMap":{"0":{"name":"(anonymous_7)","decl":{"start":{"line":7,"column":4},"end":{"line":7,"column":null}},"loc":{"start":{"line":7,"column":4},"end":{"line":9,"column":5}}},"1":{"name":"(anonymous_8)","decl":{"start":{"line":10,"column":10},"end":{"line":10,"column":18}},"loc":{"start":{"line":10,"column":82},"end":{"line":17,"column":null}}},"2":{"name":"(anonymous_10)","decl":{"start":{"line":19,"column":10},"end":{"line":19,"column":20}},"loc":{"start":{"line":19,"column":31},"end":{"line":25,"column":null}}},"3":{"name":"(anonymous_12)","decl":{"start":{"line":27,"column":10},"end":{"line":27,"column":26}},"loc":{"start":{"line":27,"column":37},"end":{"line":33,"column":null}}},"4":{"name":"(anonymous_14)","decl":{"start":{"line":35,"column":10},"end":{"line":35,"column":23}},"loc":{"start":{"line":35,"column":34},"end":{"line":41,"column":null}}},"5":{"name":"(anonymous_16)","decl":{"start":{"line":43,"column":10},"end":{"line":43,"column":20}},"loc":{"start":{"line":43,"column":31},"end":{"line":49,"column":null}}},"6":{"name":"(anonymous_18)","decl":{"start":{"line":51,"column":10},"end":{"line":51,"column":20}},"loc":{"start":{"line":51,"column":119},"end":{"line":54,"column":null}}},"7":{"name":"(anonymous_20)","decl":{"start":{"line":56,"column":10},"end":{"line":56,"column":20}},"loc":{"start":{"line":56,"column":72},"end":{"line":59,"column":null}}}},"branchMap":{"0":{"loc":{"start":{"line":12,"column":8},"end":{"line":14,"column":9}},"type":"if","locations":[{"start":{"line":12,"column":8},"end":{"line":14,"column":9}},{"start":{},"end":{}}]},"1":{"loc":{"start":{"line":21,"column":8},"end":{"line":23,"column":9}},"type":"if","locations":[{"start":{"line":21,"column":8},"end":{"line":23,"column":9}},{"start":{},"end":{}}]},"2":{"loc":{"start":{"line":29,"column":8},"end":{"line":31,"column":9}},"type":"if","locations":[{"start":{"line":29,"column":8},"end":{"line":31,"column":9}},{"start":{},"end":{}}]},"3":{"loc":{"start":{"line":37,"column":8},"end":{"line":39,"column":9}},"type":"if","locations":[{"start":{"line":37,"column":8},"end":{"line":39,"column":9}},{"start":{},"end":{}}]},"4":{"loc":{"start":{"line":45,"column":8},"end":{"line":47,"column":9}},"type":"if","locations":[{"start":{"line":45,"column":8},"end":{"line":47,"column":9}},{"start":{},"end":{}}]}},"s":{"0":1,"1":1,"2":12,"3":3,"4":3,"5":2,"6":1,"7":3,"8":3,"9":2,"10":1,"11":3,"12":3,"13":2,"14":1,"15":3,"16":3,"17":2,"18":1,"19":2,"20":2,"21":1,"22":1,"23":1,"24":1,"25":1,"26":1,"27":1},"f":{"0":12,"1":3,"2":3,"3":3,"4":3,"5":2,"6":1,"7":1},"b":{"0":[2,1],"1":[2,1],"2":[2,1],"3":[2,1],"4":[1,1]}}
[...]
,"C:\\Users\\kovacs.kristof\\Desktop\\MediaHub\\backend\\src\\service\\userSer.ts": {"path":"C:\\Users\\kovacs.kristof\\Desktop\\MediaHub\\backend\\src\\service\\userSer.ts","statementMap":{"0":{"start":{"line":1,"column":0},"end":{"line":1,"column":51}},"1":{"start":{"line":2,"column":0},"end":{"line":2,"column":49}},"2":{"start":{"line":3,"column":0},"end":{"line":3,"column":30}},"3":{"start":{"line":4,"column":0},"end":{"line":4,"column":37}},"4":{"start":{"line":9,"column":8},"end":{"line":9,"column":null}},"5":{"start":{"line":12,"column":24},"end":{"line":12,"column":56}},"6":{"start":{"line":13,"column":8},"end":{"line":15,"column":9}},"7":{"start":{"line":14,"column":12},"end":{"line":14,"column":null}},"8":{"start":{"line":16,"column":30},"end":{"line":16,"column":32}},"9":{"start":{"line":17,"column":8},"end":{"line":24,"column":9}},"10":{"start":{"line":17,"column":21},"end":{"line":17,"column":22}},"11":{"start":{"line":18,"column":12},"end":{"line":23,"column":null}},"12":{"start":{"line":25,"column":8},"end":{"line":25,"column":null}},"13":{"start":{"line":28,"column":24},"end":{"line":28,"column":62}},"14":{"start":{"line":29,"column":8},"end":{"line":31,"column":9}},"15":{"start":{"line":30,"column":12},"end":{"line":30,"column":null}},"16":{"start":{"line":32,"column":30},"end":{"line":32,"column":32}},"17":{"start":{"line":33,"column":8},"end":{"line":40,"column":9}},"18":{"start":{"line":33,"column":21},"end":{"line":33,"column":22}},"19":{"start":{"line":34,"column":12},"end":{"line":39,"column":null}},"20":{"start":{"line":41,"column":8},"end":{"line":41,"column":null}},"21":{"start":{"line":44,"column":24},"end":{"line":44,"column":91}},"22":{"start":{"line":45,"column":8},"end":{"line":47,"column":9}},"23":{"start":{"line":46,"column":12},"end":{"line":46,"column":null}},"24":{"start":{"line":48,"column":8},"end":{"line":48,"column":null}},"25":{"start":{"line":51,"column":24},"end":{"line":51,"column":68}},"26":{"start":{"line":52,"column":8},"end":{"line":54,"column":9}},"27":{"start":{"line":53,"column":12},"end":{"line":53,"column":null}},"28":{"start":{"line":55,"column":22},"end":{"line":55,"column":170}},"29":{"start":{"line":56,"column":8},"end":{"line":56,"column":null}},"30":{"start":{"line":59,"column":24},"end":{"line":59,"column":69}},"31":{"start":{"line":60,"column":8},"end":{"line":62,"column":9}},"32":{"start":{"line":61,"column":12},"end":{"line":61,"column":null}},"33":{"start":{"line":63,"column":8},"end":{"line":63,"column":null}},"34":{"start":{"line":6,"column":0},"end":{"line":6,"column":13}}},"fnMap":{"0":{"name":"(anonymous_8)","decl":{"start":{"line":8,"column":4},"end":{"line":8,"column":null}},"loc":{"start":{"line":8,"column":4},"end":{"line":10,"column":5}}},"1":{"name":"(anonymous_9)","decl":{"start":{"line":11,"column":10},"end":{"line":11,"column":18}},"loc":{"start":{"line":11,"column":18},"end":{"line":26,"column":null}}},"2":{"name":"(anonymous_11)","decl":{"start":{"line":27,"column":10},"end":{"line":27,"column":22}},"loc":{"start":{"line":27,"column":33},"end":{"line":42,"column":null}}},"3":{"name":"(anonymous_13)","decl":{"start":{"line":43,"column":10},"end":{"line":43,"column":20}},"loc":{"start":{"line":43,"column":86},"end":{"line":49,"column":null}}},"4":{"name":"(anonymous_15)","decl":{"start":{"line":50,"column":10},"end":{"line":50,"column":15}},"loc":{"start":{"line":50,"column":47},"end":{"line":57,"column":null}}},"5":{"name":"(anonymous_17)","decl":{"start":{"line":58,"column":10},"end":{"line":58,"column":20}},"loc":{"start":{"line":58,"column":47},"end":{"line":64,"column":null}}}},"branchMap":{"0":{"loc":{"start":{"line":13,"column":8},"end":{"line":15,"column":9}},"type":"if","locations":[{"start":{"line":13,"column":8},"end":{"line":15,"column":9}},{"start":{},"end":{}}]},"1":{"loc":{"start":{"line":29,"column":8},"end":{"line":31,"column":9}},"type":"if","locations":[{"start":{"line":29,"column":8},"end":{"line":31,"column":9}},{"start":{},"end":{}}]},"2":{"loc":{"start":{"line":45,"column":8},"end":{"line":47,"column":9}},"type":"if","locations":[{"start":{"line":45,"column":8},"end":{"line":47,"column":9}},{"start":{},"end":{}}]},"3":{"loc":{"start":{"line":52,"column":8},"end":{"line":54,"column":9}},"type":"if","locations":[{"start":{"line":52,"column":8},"end":{"line":54,"column":9}},{"start":{},"end":{}}]},"4":{"loc":{"start":{"line":60,"column":8},"end":{"line":62,"column":9}},"type":"if","locations":[{"start":{"line":60,"column":8},"end":{"line":62,"column":9}},{"start":{},"end":{}}]}},"s":{"0":1,"1":1,"2":1,"3":1,"4":10,"5":3,"6":3,"7":2,"8":1,"9":1,"10":1,"11":1,"12":1,"13":3,"14":3,"15":2,"16":1,"17":1,"18":1,"19":1,"20":1,"21":3,"22":3,"23":2,"24":1,"25":3,"26":3,"27":2,"28":1,"29":1,"30":3,"31":3,"32":2,"33":1,"34":1},"f":{"0":10,"1":3,"2":3,"3":3,"4":3,"5":3},"b":{"0":[2,1],"1":[2,1],"2":[2,1],"3":[2,1],"4":[2,1]}}
,"C:\\Users\\kovacs.kristof\\Desktop\\MediaHub\\backend\\src\\tag\\tagController.ts": {"path":"C:\\Users\\kovacs.kristof\\Desktop\\MediaHub\\backend\\src\\tag\\tagController.ts","statementMap":{"0":{"start":{"line":2,"column":0},"end":{"line":2,"column":43}},"1":{"start":{"line":4,"column":24},"end":{"line":4,"column":36}},"2":{"start":{"line":8,"column":8},"end":{"line":14,"column":9}},"3":{"start":{"line":9,"column":28},"end":{"line":9,"column":51}},"4":{"start":{"line":10,"column":12},"end":{"line":10,"column":null}},"5":{"start":{"line":13,"column":12},"end":{"line":13,"column":null}},"6":{"start":{"line":6,"column":0},"end":{"line":6,"column":13}}},"fnMap":{"0":{"name":"(anonymous_7)","decl":{"start":{"line":7,"column":10},"end":{"line":7,"column":17}},"loc":{"start":{"line":7,"column":55},"end":{"line":15,"column":null}}}},"branchMap":{"0":{"loc":{"start":{"line":13,"column":35},"end":{"line":13,"column":54}},"type":"binary-expr","locations":[{"start":{"line":13,"column":35},"end":{"line":13,"column":47}},{"start":{"line":13,"column":51},"end":{"line":13,"column":54}}]},"1":{"loc":{"start":{"line":13,"column":61},"end":{"line":13,"column":92}},"type":"binary-expr","locations":[{"start":{"line":13,"column":61},"end":{"line":13,"column":74}},{"start":{"line":13,"column":78},"end":{"line":13,"column":92}}]}},"s":{"0":1,"1":1,"2":2,"3":2,"4":1,"5":1,"6":1},"f":{"0":2},"b":{"0":[1,1],"1":[1,1]}}
,"C:\\Users\\kovacs.kristof\\Desktop\\MediaHub\\backend\\src\\user\\user.ts": {"path":"C:\\Users\\kovacs.kristof\\Desktop\\MediaHub\\backend\\src\\user\\user.ts","statementMap":{"0":{"start":{"line":19,"column":8},"end":{"line":19,"column":null}},"1":{"start":{"line":20,"column":8},"end":{"line":20,"column":null}},"2":{"start":{"line":21,"column":8},"end":{"line":21,"column":null}},"3":{"start":{"line":22,"column":8},"end":{"line":22,"column":null}},"4":{"start":{"line":23,"column":8},"end":{"line":23,"column":null}},"5":{"start":{"line":24,"column":8},"end":{"line":24,"column":null}},"6":{"start":{"line":28,"column":0},"end":{"line":28,"column":20}}},"fnMap":{"0":{"name":"(anonymous_0)","decl":{"start":{"line":18,"column":4},"end":{"line":18,"column":16}},"loc":{"start":{"line":18,"column":26},"end":{"line":25,"column":5}}}},"branchMap":{},"s":{"0":7,"1":7,"2":7,"3":7,"4":7,"5":7,"6":1},"f":{"0":7},"b":{}}
,"C:\\Users\\kovacs.kristof\\Desktop\\MediaHub\\backend\\src\\user\\usersController.ts": {"path":"C:\\Users\\kovacs.kristof\\Desktop\\MediaHub\\backend\\src\\user\\usersController.ts","statementMap":{"0":{"start":{"line":2,"column":0},"end":{"line":2,"column":26}},"1":{"start":{"line":3,"column":0},"end":{"line":3,"column":45}},"2":{"start":{"line":4,"column":0},"end":{"line":4,"column":52}},"3":{"start":{"line":6,"column":25},"end":{"line":6,"column":38}},"4":{"start":{"line":10,"column":8},"end":{"line":19,"column":9}},"5":{"start":{"line":11,"column":12},"end":{"line":13,"column":13}},"6":{"start":{"line":12,"column":16},"end":{"line":12,"column":null}},"7":{"start":{"line":14,"column":28},"end":{"line":14,"column":52}},"8":{"start":{"line":15,"column":12},"end":{"line":15,"column":null}},"9":{"start":{"line":18,"column":12},"end":{"line":18,"column":null}},"10":{"start":{"line":23,"column":8},"end":{"line":36,"column":9}},"11":{"start":{"line":24,"column":12},"end":{"line":26,"column":13}},"12":{"start":{"line":25,"column":16},"end":{"line":25,"column":null}},"13":{"start":{"line":27,"column":28},"end":{"line":27,"column":55}},"14":{"start":{"line":28,"column":12},"end":{"line":30,"column":13}},"15":{"start":{"line":29,"column":16},"end":{"line":29,"column":null}},"16":{"start":{"line":31,"column":28},"end":{"line":31,"column":58}},"17":{"start":{"line":32,"column":12},"end":{"line":32,"column":null}},"18":{"start":{"line":35,"column":12},"end":{"line":35,"column":null}},"19":{"start":{"line":39,"column":8},"end":{"line":53,"column":9}},"20":{"start":{"line":40,"column":12},"end":{"line":42,"column":13}},"21":{"start":{"line":41,"column":16},"end":{"line":41,"column":null}},"22":{"start":{"line":43,"column":28},"end":{"line":43,"column":50}},"23":{"start":{"line":44,"column":12},"end":{"line":46,"column":13}},"24":{"start":{"line":45,"column":16},"end":{"line":45,"column":null}},"25":{"start":{"line":48,"column":28},"end":{"line":48,"column":107}},"26":{"start":{"line":49,"column":12},"end":{"line":49,"column":null}},"27":{"start":{"line":52,"column":12},"end":{"line":52,"column":null}},"28":{"start":{"line":56,"column":8},"end":{"line":70,"column":9}},"29":{"start":{"line":57,"column":12},"end":{"line":59,"column":13}},"30":{"start":{"line":58,"column":16},"end":{"line":58,"column":null}},"31":{"start":{"line":60,"column":38},"end":{"line":60,"column":50}},"32":{"start":{"line":61,"column":12},"end":{"line":63,"column":13}},"33":{"start":{"line":62,"column":16},"end":{"line":62,"column":null}},"34":{"start":{"line":65,"column":28},"end":{"line":65,"column":64}},"35":{"start":{"line":66,"column":12},"end":{"line":66,"column":121}},"36":{"start":{"line":69,"column":12},"end":{"line":69,"column":null}},"37":{"start":{"line":73,"column":8},"end":{"line":103,"column":9}},"38":{"start":{"line":74,"column":12},"end":{"line":76,"column":13}},"39":{"start":{"line":75,"column":16},"end":{"line":75,"column":null}},"40":{"start":{"line":77,"column":28},"end":{"line":77,"column":55}},"41":{"start":{"line":78,"column":12},"end":{"line":80,"column":13}},"42":{"start":{"line":79,"column":16},"end":{"line":79,"column":null}},"43":{"start":{"line":81,"column":12},"end":{"line":83,"column":13}},"44":{"start":{"line":82,"column":16},"end":{"line":82,"column":null}},"45":{"start":{"line":85,"column":27},"end":{"line":85,"column":49}},"46":{"start":{"line":86,"column":34},"end":{"line":86,"column":74}},"47":{"start":{"line":87,"column":25},"end":{"line":87,"column":93}},"48":{"start":{"line":87,"column":65},"end":{"line":87,"column":92}},"49":{"start":{"line":89,"column":12},"end":{"line":91,"column":13}},"50":{"start":{"line":90,"column":16},"end":{"line":90,"column":null}},"51":{"start":{"line":93,"column":33},"end":{"line":93,"column":73}},"52":{"start":{"line":93,"column":49},"end":{"line":93,"column":61}},"53":{"start":{"line":94,"column":27},"end":{"line":94,"column":54}},"54":{"start":{"line":94,"column":44},"end":{"line":94,"column":53}},"55":{"start":{"line":95,"column":12},"end":{"line":95,"column":null}},"56":{"start":{"line":96,"column":24},"end":{"line":96,"column":73}},"57":{"start":{"line":98,"column":28},"end":{"line":98,"column":65}},"58":{"start":{"line":99,"column":12},"end":{"line":99,"column":null}},"59":{"start":{"line":102,"column":12},"end":{"line":102,"column":null}},"60":{"start":{"line":8,"column":0},"end":{"line":8,"column":13}}},"fnMap":{"0":{"name":"(anonymous_8)","decl":{"start":{"line":9,"column":10},"end":{"line":9,"column":18}},"loc":{"start":{"line":9,"column":51},"end":{"line":20,"column":null}}},"1":{"name":"(anonymous_10)","decl":{"start":{"line":22,"column":10},"end":{"line":22,"column":22}},"loc":{"start":{"line":22,"column":55},"end":{"line":37,"column":null}}},"2":{"name":"(anonymous_12)","decl":{"start":{"line":38,"column":10},"end":{"line":38,"column":20}},"loc":{"start":{"line":38,"column":53},"end":{"line":54,"column":null}}},"3":{"name":"(anonymous_14)","decl":{"start":{"line":55,"column":10},"end":{"line":55,"column":15}},"loc":{"start":{"line":55,"column":48},"end":{"line":71,"column":null}}},"4":{"name":"(anonymous_16)","decl":{"start":{"line":72,"column":10},"end":{"line":72,"column":20}},"loc":{"start":{"line":72,"column":53},"end":{"line":104,"column":null}}},"5":{"name":"(anonymous_18)","decl":{"start":{"line":87,"column":58},"end":{"line":87,"column":61}},"loc":{"start":{"line":87,"column":65},"end":{"line":87,"column":92}}},"6":{"name":"(anonymous_19)","decl":{"start":{"line":93,"column":42},"end":{"line":93,"column":45}},"loc":{"start":{"line":93,"column":49},"end":{"line":93,"column":61}}},"7":{"name":"(anonymous_20)","decl":{"start":{"line":94,"column":37},"end":{"line":94,"column":40}},"loc":{"start":{"line":94,"column":44},"end":{"line":94,"column":53}}}},"branchMap":{"0":{"loc":{"start":{"line":11,"column":12},"end":{"line":13,"column":13}},"type":"if","locations":[{"start":{"line":11,"column":12},"end":{"line":13,"column":13}},{"start":{},"end":{}}]},"1":{"loc":{"start":{"line":18,"column":35},"end":{"line":18,"column":54}},"type":"binary-expr","locations":[{"start":{"line":18,"column":35},"end":{"line":18,"column":47}},{"start":{"line":18,"column":51},"end":{"line":18,"column":54}}]},"2":{"loc":{"start":{"line":18,"column":61},"end":{"line":18,"column":92}},"type":"binary-expr","locations":[{"start":{"line":18,"column":61},"end":{"line":18,"column":74}},{"start":{"line":18,"column":78},"end":{"line":18,"column":92}}]},"3":{"loc":{"start":{"line":24,"column":12},"end":{"line":26,"column":13}},"type":"if","locations":[{"start":{"line":24,"column":12},"end":{"line":26,"column":13}},{"start":{},"end":{}}]},"4":{"loc":{"start":{"line":28,"column":12},"end":{"line":30,"column":13}},"type":"if","locations":[{"start":{"line":28,"column":12},"end":{"line":30,"column":13}},{"start":{},"end":{}}]},"5":{"loc":{"start":{"line":35,"column":35},"end":{"line":35,"column":54}},"type":"binary-expr","locations":[{"start":{"line":35,"column":35},"end":{"line":35,"column":47}},{"start":{"line":35,"column":51},"end":{"line":35,"column":54}}]},"6":{"loc":{"start":{"line":35,"column":61},"end":{"line":35,"column":92}},"type":"binary-expr","locations":[{"start":{"line":35,"column":61},"end":{"line":35,"column":74}},{"start":{"line":35,"column":78},"end":{"line":35,"column":92}}]},"7":{"loc":{"start":{"line":40,"column":12},"end":{"line":42,"column":13}},"type":"if","locations":[{"start":{"line":40,"column":12},"end":{"line":42,"column":13}},{"start":{},"end":{}}]},"8":{"loc":{"start":{"line":44,"column":12},"end":{"line":46,"column":13}},"type":"if","locations":[{"start":{"line":44,"column":12},"end":{"line":46,"column":13}},{"start":{},"end":{}}]},"9":{"loc":{"start":{"line":44,"column":16},"end":{"line":44,"column":79}},"type":"binary-expr","locations":[{"start":{"line":44,"column":16},"end":{"line":44,"column":30}},{"start":{"line":44,"column":34},"end":{"line":44,"column":45}},{"start":{"line":44,"column":49},"end":{"line":44,"column":63}},{"start":{"line":44,"column":67},"end":{"line":44,"column":79}}]},"10":{"loc":{"start":{"line":52,"column":35},"end":{"line":52,"column":54}},"type":"binary-expr","locations":[{"start":{"line":52,"column":35},"end":{"line":52,"column":47}},{"start":{"line":52,"column":51},"end":{"line":52,"column":54}}]},"11":{"loc":{"start":{"line":52,"column":61},"end":{"line":52,"column":92}},"type":"binary-expr","locations":[{"start":{"line":52,"column":61},"end":{"line":52,"column":74}},{"start":{"line":52,"column":78},"end":{"line":52,"column":92}}]},"12":{"loc":{"start":{"line":57,"column":12},"end":{"line":59,"column":13}},"type":"if","locations":[{"start":{"line":57,"column":12},"end":{"line":59,"column":13}},{"start":{},"end":{}}]},"13":{"loc":{"start":{"line":61,"column":12},"end":{"line":63,"column":13}},"type":"if","locations":[{"start":{"line":61,"column":12},"end":{"line":63,"column":13}},{"start":{},"end":{}}]},"14":{"loc":{"start":{"line":61,"column":18},"end":{"line":61,"column":35}},"type":"binary-expr","locations":[{"start":{"line":61,"column":18},"end":{"line":61,"column":23}},{"start":{"line":61,"column":27},"end":{"line":61,"column":35}}]},"15":{"loc":{"start":{"line":69,"column":35},"end":{"line":69,"column":54}},"type":"binary-expr","locations":[{"start":{"line":69,"column":35},"end":{"line":69,"column":47}},{"start":{"line":69,"column":51},"end":{"line":69,"column":54}}]},"16":{"loc":{"start":{"line":69,"column":61},"end":{"line":69,"column":92}},"type":"binary-expr","locations":[{"start":{"line":69,"column":61},"end":{"line":69,"column":74}},{"start":{"line":69,"column":78},"end":{"line":69,"column":92}}]},"17":{"loc":{"start":{"line":74,"column":12},"end":{"line":76,"column":13}},"type":"if","locations":[{"start":{"line":74,"column":12},"end":{"line":76,"column":13}},{"start":{},"end":{}}]},"18":{"loc":{"start":{"line":78,"column":12},"end":{"line":80,"column":13}},"type":"if","locations":[{"start":{"line":78,"column":12},"end":{"line":80,"column":13}},{"start":{},"end":{}}]},"19":{"loc":{"start":{"line":81,"column":12},"end":{"line":83,"column":13}},"type":"if","locations":[{"start":{"line":81,"column":12},"end":{"line":83,"column":13}},{"start":{},"end":{}}]},"20":{"loc":{"start":{"line":89,"column":12},"end":{"line":91,"column":13}},"type":"if","locations":[{"start":{"line":89,"column":12},"end":{"line":91,"column":13}},{"start":{},"end":{}}]},"21":{"loc":{"start":{"line":102,"column":35},"end":{"line":102,"column":54}},"type":"binary-expr","locations":[{"start":{"line":102,"column":35},"end":{"line":102,"column":47}},{"start":{"line":102,"column":51},"end":{"line":102,"column":54}}]},"22":{"loc":{"start":{"line":102,"column":61},"end":{"line":102,"column":92}},"type":"binary-expr","locations":[{"start":{"line":102,"column":61},"end":{"line":102,"column":74}},{"start":{"line":102,"column":78},"end":{"line":102,"column":92}}]}},"s":{"0":1,"1":1,"2":1,"3":1,"4":2,"5":2,"6":1,"7":1,"8":1,"9":1,"10":3,"11":3,"12":1,"13":2,"14":2,"15":1,"16":1,"17":1,"18":2,"19":4,"20":4,"21":1,"22":3,"23":3,"24":2,"25":1,"26":1,"27":3,"28":3,"29":3,"30":1,"31":2,"32":2,"33":1,"34":1,"35":1,"36":2,"37":7,"38":7,"39":1,"40":6,"41":6,"42":1,"43":5,"44":1,"45":4,"46":4,"47":4,"48":6,"49":4,"50":1,"51":3,"52":4,"53":3,"54":4,"55":3,"56":3,"57":3,"58":3,"59":4,"60":1},"f":{"0":2,"1":3,"2":4,"3":3,"4":7,"5":6,"6":4,"7":4},"b":{"0":[1,1],"1":[1,0],"2":[1,0],"3":[1,2],"4":[1,1],"5":[2,0],"6":[2,0],"7":[1,3],"8":[2,1],"9":[3,2,2,1],"10":[3,0],"11":[3,0],"12":[1,2],"13":[1,1],"14":[2,2],"15":[2,0],"16":[2,0],"17":[1,6],"18":[1,5],"19":[1,4],"20":[1,3],"21":[4,0],"22":[4,0]}}
}
