TN:
SF:src\config\config.ts
FN:6,(anonymous_1)
FNF:1
FNH:1
FNDA:7,(anonymous_1)
DA:1,7
DA:2,7
DA:3,7
DA:7,7
DA:18,7
DA:26,7
LF:6
LH:6
BRDA:21,0,0,7
BRDA:21,0,1,0
BRDA:21,1,0,7
BRDA:21,1,1,7
BRDA:23,2,0,7
BRDA:23,2,1,0
BRDA:23,3,0,7
BRDA:23,3,1,7
BRF:8
BRH:6
end_of_record
TN:
SF:src\items\items.ts
FN:25,(anonymous_0)
FNF:1
FNH:1
FNDA:3,(anonymous_0)
DA:26,3
DA:27,3
DA:28,3
DA:29,3
DA:30,3
DA:31,3
DA:32,3
DA:33,3
DA:36,1
LF:9
LH:9
BRF:0
BRH:0
end_of_record
TN:
SF:src\items\itemsController.ts
FN:10,(anonymous_8)
FN:23,(anonymous_10)
FN:37,(anonymous_12)
FN:51,(anonymous_14)
FN:65,(anonymous_16)
FN:82,(anonymous_18)
FN:125,(anonymous_20)
FNF:7
FNH:7
FNDA:3,(anonymous_8)
FNDA:3,(anonymous_10)
FNDA:3,(anonymous_12)
FNDA:3,(anonymous_14)
FNDA:4,(anonymous_16)
FNDA:6,(anonymous_18)
FNDA:4,(anonymous_20)
DA:2,1
DA:3,1
DA:4,1
DA:5,1
DA:7,1
DA:9,1
DA:11,3
DA:12,3
DA:13,3
DA:14,3
DA:15,3
DA:16,2
DA:19,1
DA:24,3
DA:25,3
DA:26,3
DA:27,1
DA:29,2
DA:30,1
DA:33,2
DA:38,3
DA:39,3
DA:40,3
DA:41,1
DA:43,2
DA:44,1
DA:47,2
DA:52,3
DA:53,3
DA:54,3
DA:55,1
DA:57,2
DA:58,1
DA:61,2
DA:66,4
DA:67,4
DA:68,4
DA:69,1
DA:71,3
DA:72,1
DA:74,2
DA:75,1
DA:78,3
DA:83,6
DA:84,6
DA:85,6
DA:86,1
DA:88,5
DA:90,1
DA:92,4
DA:93,1
DA:97,3
DA:99,3
DA:100,3
DA:104,3
DA:106,3
DA:107,1
DA:110,2
DA:111,1
DA:114,1
DA:116,1
DA:117,1
DA:118,1
DA:121,5
DA:126,4
DA:127,4
DA:128,4
DA:129,4
DA:130,1
DA:132,3
DA:133,1
DA:135,2
DA:136,1
DA:138,1
DA:139,1
DA:140,1
DA:141,1
DA:142,1
DA:143,1
DA:145,1
DA:146,1
DA:147,1
DA:149,1
DA:150,1
DA:151,1
DA:153,1
DA:154,1
DA:155,1
DA:156,1
DA:158,1
DA:159,1
DA:160,1
DA:162,1
DA:163,1
DA:164,1
DA:165,2
DA:168,1
DA:169,1
DA:170,1
DA:171,1
DA:172,1
DA:175,3
DA:176,3
LF:103
LH:103
BRDA:12,0,0,1
BRDA:12,0,1,2
BRDA:13,1,0,1
BRDA:13,1,1,2
BRDA:14,2,0,1
BRDA:14,2,1,2
BRDA:19,3,0,1
BRDA:19,3,1,0
BRDA:19,4,0,1
BRDA:19,4,1,0
BRDA:26,5,0,1
BRDA:26,5,1,2
BRDA:33,6,0,2
BRDA:33,6,1,0
BRDA:33,7,0,2
BRDA:33,7,1,0
BRDA:40,8,0,1
BRDA:40,8,1,2
BRDA:47,9,0,2
BRDA:47,9,1,0
BRDA:47,10,0,2
BRDA:47,10,1,0
BRDA:54,11,0,1
BRDA:54,11,1,2
BRDA:61,12,0,2
BRDA:61,12,1,0
BRDA:61,13,0,2
BRDA:61,13,1,0
BRDA:68,14,0,1
BRDA:68,14,1,3
BRDA:71,15,0,1
BRDA:71,15,1,2
BRDA:78,16,0,3
BRDA:78,16,1,0
BRDA:78,17,0,3
BRDA:78,17,1,0
BRDA:85,18,0,1
BRDA:85,18,1,5
BRDA:88,19,0,1
BRDA:88,19,1,4
BRDA:92,20,0,1
BRDA:92,20,1,3
BRDA:99,21,0,3
BRDA:99,21,1,0
BRDA:106,22,0,1
BRDA:106,22,1,2
BRDA:106,23,0,3
BRDA:106,23,1,2
BRDA:106,23,2,2
BRDA:106,23,3,2
BRDA:106,23,4,2
BRDA:106,23,5,2
BRDA:110,24,0,1
BRDA:110,24,1,1
BRDA:116,25,0,1
BRDA:116,25,1,0
BRDA:121,26,0,5
BRDA:121,26,1,0
BRDA:121,27,0,5
BRDA:121,27,1,0
BRDA:129,28,0,1
BRDA:129,28,1,3
BRDA:132,29,0,1
BRDA:132,29,1,2
BRDA:135,30,0,1
BRDA:135,30,1,1
BRDA:141,31,0,1
BRDA:141,31,1,0
BRDA:145,32,0,1
BRDA:145,32,1,0
BRDA:149,33,0,1
BRDA:149,33,1,0
BRDA:153,34,0,1
BRDA:153,34,1,0
BRDA:158,35,0,1
BRDA:158,35,1,0
BRDA:162,36,0,1
BRDA:162,36,1,0
BRDA:176,37,0,3
BRDA:176,37,1,0
BRDA:176,38,0,3
BRDA:176,38,1,0
BRF:82
BRH:60
end_of_record
TN:
SF:src\middleware\error.ts
FN:7,(anonymous_0)
FNF:1
FNH:1
FNDA:94,(anonymous_0)
DA:1,12
DA:9,94
DA:11,94
DA:13,94
LF:4
LH:4
BRF:0
BRH:0
end_of_record
TN:
SF:src\middleware\upload.ts
FN:9,(anonymous_1)
FN:17,(anonymous_2)
FNF:2
FNH:0
FNDA:0,(anonymous_1)
FNDA:0,(anonymous_2)
DA:1,1
DA:2,1
DA:3,1
DA:4,1
DA:5,1
DA:6,1
DA:8,1
DA:10,0
DA:14,1
DA:18,0
DA:19,0
DA:22,0
DA:27,1
LF:13
LH:9
BRDA:18,0,0,0
BRDA:18,0,1,0
BRDA:18,1,0,0
BRDA:18,1,1,0
BRDA:18,1,2,0
BRF:5
BRH:0
end_of_record
TN:
SF:src\order\order.ts
FN:18,(anonymous_0)
FNF:1
FNH:1
FNDA:6,(anonymous_0)
DA:19,6
DA:20,6
DA:21,6
DA:22,6
DA:23,6
DA:24,6
DA:29,1
LF:7
LH:7
BRF:0
BRH:0
end_of_record
TN:
SF:src\order\ordersController.ts
FN:9,(anonymous_8)
FN:21,(anonymous_10)
FN:36,(anonymous_12)
FN:51,(anonymous_14)
FN:78,(anonymous_16)
FN:92,(anonymous_18)
FN:97,(anonymous_19)
FN:98,(anonymous_20)
FNF:8
FNH:8
FNDA:2,(anonymous_8)
FNDA:2,(anonymous_10)
FNDA:2,(anonymous_12)
FNDA:6,(anonymous_14)
FNDA:5,(anonymous_16)
FNDA:2,(anonymous_18)
FNDA:1,(anonymous_19)
FNDA:1,(anonymous_20)
DA:2,1
DA:3,1
DA:4,1
DA:6,1
DA:8,1
DA:10,2
DA:11,2
DA:12,1
DA:14,1
DA:15,1
DA:18,1
DA:22,2
DA:23,2
DA:24,1
DA:26,1
DA:28,1
DA:29,1
DA:32,1
DA:37,2
DA:38,2
DA:39,1
DA:41,1
DA:43,1
DA:44,1
DA:47,1
DA:52,6
DA:53,6
DA:54,1
DA:56,5
DA:57,1
DA:59,4
DA:60,4
DA:61,1
DA:63,3
DA:64,1
DA:66,2
DA:67,1
DA:69,1
DA:70,1
DA:73,5
DA:79,5
DA:80,5
DA:81,5
DA:82,1
DA:84,4
DA:85,1
DA:87,3
DA:88,1
DA:90,2
DA:91,2
DA:92,2
DA:94,2
DA:95,1
DA:97,1
DA:98,1
DA:99,1
DA:100,1
DA:101,1
DA:102,1
DA:103,1
DA:106,4
LF:61
LH:61
BRDA:11,0,0,1
BRDA:11,0,1,1
BRDA:18,1,0,1
BRDA:18,1,1,0
BRDA:18,2,0,1
BRDA:18,2,1,0
BRDA:23,3,0,1
BRDA:23,3,1,1
BRDA:32,4,0,1
BRDA:32,4,1,0
BRDA:32,5,0,1
BRDA:32,5,1,0
BRDA:38,6,0,1
BRDA:38,6,1,1
BRDA:47,7,0,1
BRDA:47,7,1,0
BRDA:47,8,0,1
BRDA:47,8,1,0
BRDA:53,9,0,1
BRDA:53,9,1,5
BRDA:56,10,0,1
BRDA:56,10,1,4
BRDA:60,11,0,1
BRDA:60,11,1,3
BRDA:63,12,0,1
BRDA:63,12,1,2
BRDA:63,13,0,3
BRDA:63,13,1,3
BRDA:63,13,2,3
BRDA:66,14,0,1
BRDA:66,14,1,1
BRDA:73,15,0,5
BRDA:73,15,1,0
BRDA:73,16,0,5
BRDA:73,16,1,0
BRDA:81,17,0,1
BRDA:81,17,1,4
BRDA:84,18,0,1
BRDA:84,18,1,3
BRDA:87,19,0,1
BRDA:87,19,1,2
BRDA:94,20,0,1
BRDA:94,20,1,1
BRDA:106,21,0,4
BRDA:106,21,1,0
BRDA:106,22,0,4
BRDA:106,22,1,0
BRF:47
BRH:37
end_of_record
TN:
SF:src\repisotaries\itemRep.ts
FN:6,(anonymous_8)
FN:61,(anonymous_10)
FN:70,(anonymous_12)
FN:83,(anonymous_14)
FN:96,(anonymous_16)
FN:113,(anonymous_18)
FN:137,(anonymous_20)
FNF:7
FNH:7
FNDA:1,(anonymous_8)
FNDA:1,(anonymous_10)
FNDA:1,(anonymous_12)
FNDA:1,(anonymous_14)
FNDA:2,(anonymous_16)
FNDA:2,(anonymous_18)
FNDA:1,(anonymous_20)
DA:1,1
DA:2,1
DA:3,1
DA:5,1
DA:8,1
DA:9,1
DA:10,1
DA:11,1
DA:13,1
DA:14,1
DA:15,1
DA:17,1
DA:18,1
DA:20,1
DA:21,1
DA:22,1
DA:24,1
DA:25,1
DA:28,1
DA:29,1
DA:30,1
DA:31,2
DA:32,1
DA:34,2
DA:35,2
DA:39,1
DA:40,1
DA:41,1
DA:43,0
DA:44,0
DA:45,0
DA:48,1
DA:49,1
DA:51,1
DA:55,1
DA:57,1
DA:62,1
DA:63,1
DA:66,1
DA:67,1
DA:71,1
DA:72,1
DA:79,1
DA:80,1
DA:84,1
DA:85,1
DA:92,1
DA:93,1
DA:97,2
DA:98,2
DA:99,2
DA:102,2
DA:103,1
DA:104,1
DA:105,1
DA:107,1
DA:108,1
DA:109,1
DA:110,1
DA:114,2
DA:115,2
DA:116,2
DA:119,2
DA:120,1
DA:121,1
DA:122,1
DA:124,1
DA:125,2
DA:126,2
DA:127,2
DA:128,2
DA:132,1
DA:133,1
DA:134,1
DA:138,1
DA:139,1
DA:140,1
DA:143,1
DA:144,0
DA:145,0
DA:147,1
DA:148,1
DA:151,1
DA:152,2
DA:153,2
DA:154,2
DA:159,1
DA:160,1
DA:161,1
LF:89
LH:84
BRDA:10,0,0,1
BRDA:10,0,1,0
BRDA:14,1,0,1
BRDA:14,1,1,0
BRDA:17,2,0,1
BRDA:17,2,1,0
BRDA:17,3,0,1
BRDA:17,3,1,0
BRDA:20,4,0,1
BRDA:20,4,1,0
BRDA:24,5,0,1
BRDA:24,5,1,0
BRDA:24,6,0,1
BRDA:24,6,1,1
BRDA:28,7,0,1
BRDA:28,7,1,0
BRDA:31,8,0,1
BRDA:31,8,1,1
BRDA:39,9,0,1
BRDA:39,9,1,0
BRDA:39,10,0,1
BRDA:39,10,1,0
BRDA:39,10,2,1
BRDA:43,11,0,0
BRDA:43,11,1,0
BRDA:102,12,0,1
BRDA:102,12,1,1
BRDA:119,13,0,1
BRDA:119,13,1,1
BRDA:143,14,0,0
BRDA:143,14,1,1
BRDA:147,15,0,1
BRDA:147,15,1,0
BRF:33
BRH:20
end_of_record
TN:
SF:src\repisotaries\orderRep.ts
FN:6,(anonymous_8)
FN:15,(anonymous_10)
FN:24,(anonymous_12)
FN:36,(anonymous_14)
FN:65,(anonymous_16)
FNF:5
FNH:5
FNDA:1,(anonymous_8)
FNDA:1,(anonymous_10)
FNDA:1,(anonymous_12)
FNDA:4,(anonymous_14)
FNDA:4,(anonymous_16)
DA:1,1
DA:2,1
DA:3,1
DA:5,1
DA:7,1
DA:8,1
DA:11,1
DA:12,1
DA:16,1
DA:17,1
DA:20,1
DA:21,1
DA:25,1
DA:26,1
DA:32,1
DA:33,1
DA:37,4
DA:38,4
DA:39,4
DA:40,4
DA:41,1
DA:42,1
DA:43,1
DA:45,3
DA:46,1
DA:47,1
DA:48,1
DA:50,2
DA:53,2
DA:54,2
DA:55,1
DA:57,1
DA:60,2
DA:61,2
DA:66,4
DA:67,4
DA:68,4
DA:69,4
DA:70,1
DA:71,1
DA:72,1
DA:74,3
DA:75,3
DA:79,3
DA:81,1
DA:83,3
DA:84,1
DA:86,3
DA:87,3
DA:88,3
LF:50
LH:50
BRDA:40,0,0,1
BRDA:40,0,1,3
BRDA:45,1,0,1
BRDA:45,1,1,2
BRDA:54,2,0,1
BRDA:54,2,1,1
BRDA:69,3,0,1
BRDA:69,3,1,3
BRDA:79,4,0,1
BRDA:79,4,1,2
BRDA:79,5,0,3
BRDA:79,5,1,2
BRDA:83,6,0,1
BRDA:83,6,1,2
BRF:14
BRH:14
end_of_record
TN:
SF:src\repisotaries\reviewsRep.ts
FN:5,(anonymous_8)
FN:14,(anonymous_10)
FN:22,(anonymous_12)
FN:30,(anonymous_14)
FN:38,(anonymous_16)
FNF:5
FNH:5
FNDA:1,(anonymous_8)
FNDA:1,(anonymous_10)
FNDA:1,(anonymous_12)
FNDA:1,(anonymous_14)
FNDA:1,(anonymous_16)
DA:1,1
DA:2,1
DA:4,1
DA:6,1
DA:7,1
DA:10,1
DA:11,1
DA:15,1
DA:16,1
DA:19,1
DA:20,1
DA:23,1
DA:24,1
DA:27,1
DA:28,1
DA:31,1
DA:32,1
DA:35,1
DA:36,1
DA:39,1
DA:40,1
DA:43,1
DA:44,1
LF:23
LH:23
BRF:0
BRH:0
end_of_record
TN:
SF:src\repisotaries\tagRep.ts
FN:5,(anonymous_8)
FNF:1
FNH:1
FNDA:1,(anonymous_8)
DA:1,1
DA:2,1
DA:4,1
DA:6,1
DA:7,1
DA:10,1
DA:11,1
LF:7
LH:7
BRF:0
BRH:0
end_of_record
TN:
SF:src\repisotaries\userRep.ts
FN:6,(anonymous_8)
FN:14,(anonymous_10)
FN:22,(anonymous_12)
FN:31,(anonymous_14)
FN:47,(anonymous_16)
FNF:5
FNH:5
FNDA:1,(anonymous_8)
FNDA:1,(anonymous_10)
FNDA:1,(anonymous_12)
FNDA:2,(anonymous_14)
FNDA:1,(anonymous_16)
DA:1,1
DA:2,1
DA:3,1
DA:5,1
DA:7,1
DA:8,1
DA:11,1
DA:12,1
DA:15,1
DA:16,1
DA:19,1
DA:20,1
DA:23,1
DA:24,1
DA:27,1
DA:28,1
DA:32,2
DA:33,2
DA:36,2
DA:37,1
DA:38,1
DA:40,1
DA:43,1
DA:44,1
DA:48,1
DA:49,1
DA:52,1
DA:53,1
LF:28
LH:28
BRDA:36,0,0,1
BRDA:36,0,1,1
BRF:2
BRH:2
end_of_record
TN:
SF:src\review\review.ts
FN:20,(anonymous_0)
FNF:1
FNH:1
FNDA:7,(anonymous_0)
DA:21,7
DA:22,7
DA:23,7
DA:24,7
DA:25,7
DA:26,7
DA:27,7
DA:31,1
LF:8
LH:8
BRF:0
BRH:0
end_of_record
TN:
SF:src\review\reviewController.ts
FN:9,(anonymous_8)
FN:19,(anonymous_10)
FN:31,(anonymous_12)
FN:47,(anonymous_14)
FN:69,(anonymous_16)
FN:83,(anonymous_18)
FN:93,(anonymous_19)
FN:94,(anonymous_20)
FNF:8
FNH:8
FNDA:2,(anonymous_8)
FNDA:2,(anonymous_10)
FNDA:3,(anonymous_12)
FNDA:6,(anonymous_14)
FNDA:6,(anonymous_16)
FNDA:5,(anonymous_18)
FNDA:2,(anonymous_19)
FNDA:2,(anonymous_20)
DA:2,1
DA:3,1
DA:4,1
DA:6,1
DA:8,1
DA:10,2
DA:11,2
DA:12,1
DA:15,1
DA:20,2
DA:21,2
DA:22,1
DA:24,1
DA:25,1
DA:28,1
DA:32,3
DA:33,3
DA:34,1
DA:36,2
DA:37,2
DA:38,1
DA:40,1
DA:41,1
DA:44,2
DA:48,6
DA:49,6
DA:50,1
DA:52,5
DA:53,1
DA:55,4
DA:56,4
DA:57,1
DA:59,3
DA:60,2
DA:62,1
DA:63,1
DA:66,2
DA:70,6
DA:71,6
DA:72,1
DA:74,5
DA:75,5
DA:76,1
DA:78,4
DA:79,1
DA:81,3
DA:82,3
DA:83,5
DA:85,3
DA:86,1
DA:88,2
DA:89,2
DA:90,1
DA:93,2
DA:94,2
DA:95,1
DA:96,1
DA:97,1
DA:98,1
DA:101,5
LF:60
LH:60
BRDA:21,0,0,1
BRDA:21,0,1,1
BRDA:33,1,0,1
BRDA:33,1,1,2
BRDA:37,2,0,1
BRDA:37,2,1,1
BRDA:49,3,0,1
BRDA:49,3,1,5
BRDA:52,4,0,1
BRDA:52,4,1,4
BRDA:56,5,0,1
BRDA:56,5,1,3
BRDA:56,6,0,4
BRDA:56,6,1,3
BRDA:59,7,0,2
BRDA:59,7,1,1
BRDA:59,8,0,3
BRDA:59,8,1,2
BRDA:71,9,0,1
BRDA:71,9,1,5
BRDA:75,10,0,1
BRDA:75,10,1,4
BRDA:78,11,0,1
BRDA:78,11,1,3
BRDA:85,12,0,1
BRDA:85,12,1,2
BRDA:88,13,0,2
BRDA:88,13,1,0
BRDA:89,14,0,1
BRDA:89,14,1,1
BRDA:89,15,0,2
BRDA:89,15,1,1
BRF:32
BRH:31
end_of_record
TN:
SF:src\service\itemSer.ts
FN:7,(anonymous_7)
FN:10,(anonymous_8)
FN:19,(anonymous_10)
FN:27,(anonymous_12)
FN:35,(anonymous_14)
FN:43,(anonymous_16)
FN:51,(anonymous_18)
FN:56,(anonymous_20)
FNF:8
FNH:8
FNDA:12,(anonymous_7)
FNDA:3,(anonymous_8)
FNDA:3,(anonymous_10)
FNDA:3,(anonymous_12)
FNDA:3,(anonymous_14)
FNDA:2,(anonymous_16)
FNDA:1,(anonymous_18)
FNDA:1,(anonymous_20)
DA:1,1
DA:2,1
DA:4,1
DA:8,12
DA:11,3
DA:12,3
DA:13,2
DA:15,1
DA:20,3
DA:21,3
DA:22,2
DA:24,1
DA:28,3
DA:29,3
DA:30,2
DA:32,1
DA:36,3
DA:37,3
DA:38,2
DA:40,1
DA:44,2
DA:45,2
DA:46,1
DA:48,1
DA:52,1
DA:53,1
DA:57,1
DA:58,1
LF:28
LH:28
BRDA:12,0,0,2
BRDA:12,0,1,1
BRDA:21,1,0,2
BRDA:21,1,1,1
BRDA:29,2,0,2
BRDA:29,2,1,1
BRDA:37,3,0,2
BRDA:37,3,1,1
BRDA:45,4,0,1
BRDA:45,4,1,1
BRF:10
BRH:10
end_of_record
TN:
SF:src\service\orderSer.ts
FN:7,(anonymous_7)
FN:11,(anonymous_8)
FN:18,(anonymous_10)
FN:26,(anonymous_12)
FN:34,(anonymous_14)
FN:41,(anonymous_16)
FNF:6
FNH:6
FNDA:10,(anonymous_7)
FNDA:3,(anonymous_8)
FNDA:3,(anonymous_10)
FNDA:3,(anonymous_12)
FNDA:3,(anonymous_14)
FNDA:3,(anonymous_16)
DA:1,1
DA:2,1
DA:4,1
DA:8,10
DA:12,3
DA:13,3
DA:14,2
DA:16,1
DA:19,3
DA:20,3
DA:21,2
DA:23,1
DA:27,3
DA:28,3
DA:29,2
DA:31,1
DA:35,3
DA:36,3
DA:37,2
DA:39,1
DA:42,3
DA:43,3
DA:44,2
DA:46,1
LF:24
LH:24
BRDA:13,0,0,2
BRDA:13,0,1,1
BRDA:20,1,0,2
BRDA:20,1,1,1
BRDA:28,2,0,2
BRDA:28,2,1,1
BRDA:36,3,0,2
BRDA:36,3,1,1
BRDA:43,4,0,2
BRDA:43,4,1,1
BRF:10
BRH:10
end_of_record
TN:
SF:src\service\reviewsSer.ts
FN:6,(anonymous_7)
FN:9,(anonymous_8)
FN:17,(anonymous_10)
FN:25,(anonymous_12)
FN:33,(anonymous_14)
FN:40,(anonymous_16)
FNF:6
FNH:6
FNDA:10,(anonymous_7)
FNDA:3,(anonymous_8)
FNDA:3,(anonymous_10)
FNDA:3,(anonymous_12)
FNDA:3,(anonymous_14)
FNDA:3,(anonymous_16)
DA:1,1
DA:2,1
DA:4,1
DA:7,10
DA:10,3
DA:11,3
DA:12,2
DA:14,1
DA:18,3
DA:19,3
DA:20,2
DA:22,1
DA:26,3
DA:27,3
DA:28,2
DA:30,1
DA:34,3
DA:35,3
DA:36,2
DA:38,1
DA:41,3
DA:42,3
DA:43,2
DA:45,1
LF:24
LH:24
BRDA:11,0,0,2
BRDA:11,0,1,1
BRDA:19,1,0,2
BRDA:19,1,1,1
BRDA:27,2,0,2
BRDA:27,2,1,1
BRDA:35,3,0,2
BRDA:35,3,1,1
BRDA:42,4,0,2
BRDA:42,4,1,1
BRF:10
BRH:10
end_of_record
TN:
SF:src\service\tagSer.ts
FN:6,(anonymous_7)
FN:9,(anonymous_8)
FNF:2
FNH:2
FNDA:2,(anonymous_7)
FNDA:3,(anonymous_8)
DA:1,1
DA:2,1
DA:4,1
DA:7,2
DA:10,3
DA:11,3
DA:12,2
DA:14,1
LF:8
LH:8
BRDA:11,0,0,2
BRDA:11,0,1,1
BRDA:11,1,0,3
BRDA:11,1,1,3
BRF:4
BRH:4
end_of_record
TN:
SF:src\service\userSer.ts
FN:8,(anonymous_8)
FN:11,(anonymous_9)
FN:27,(anonymous_11)
FN:43,(anonymous_13)
FN:50,(anonymous_15)
FN:58,(anonymous_17)
FNF:6
FNH:6
FNDA:10,(anonymous_8)
FNDA:3,(anonymous_9)
FNDA:3,(anonymous_11)
FNDA:3,(anonymous_13)
FNDA:3,(anonymous_15)
FNDA:3,(anonymous_17)
DA:1,1
DA:2,1
DA:3,1
DA:4,1
DA:6,1
DA:9,10
DA:12,3
DA:13,3
DA:14,2
DA:16,1
DA:17,1
DA:18,1
DA:25,1
DA:28,3
DA:29,3
DA:30,2
DA:32,1
DA:33,1
DA:34,1
DA:41,1
DA:44,3
DA:45,3
DA:46,2
DA:48,1
DA:51,3
DA:52,3
DA:53,2
DA:55,1
DA:56,1
DA:59,3
DA:60,3
DA:61,2
DA:63,1
LF:33
LH:33
BRDA:13,0,0,2
BRDA:13,0,1,1
BRDA:29,1,0,2
BRDA:29,1,1,1
BRDA:45,2,0,2
BRDA:45,2,1,1
BRDA:52,3,0,2
BRDA:52,3,1,1
BRDA:60,4,0,2
BRDA:60,4,1,1
BRF:10
BRH:10
end_of_record
TN:
SF:src\tag\tagController.ts
FN:7,(anonymous_7)
FNF:1
FNH:1
FNDA:2,(anonymous_7)
DA:2,1
DA:4,1
DA:6,1
DA:8,2
DA:9,2
DA:10,1
DA:13,1
LF:7
LH:7
BRDA:13,0,0,1
BRDA:13,0,1,1
BRDA:13,1,0,1
BRDA:13,1,1,1
BRF:4
BRH:4
end_of_record
TN:
SF:src\user\user.ts
FN:18,(anonymous_0)
FNF:1
FNH:1
FNDA:7,(anonymous_0)
DA:19,7
DA:20,7
DA:21,7
DA:22,7
DA:23,7
DA:24,7
DA:28,1
LF:7
LH:7
BRF:0
BRH:0
end_of_record
TN:
SF:src\user\usersController.ts
FN:9,(anonymous_8)
FN:22,(anonymous_10)
FN:38,(anonymous_12)
FN:55,(anonymous_14)
FN:72,(anonymous_16)
FN:87,(anonymous_18)
FN:93,(anonymous_19)
FN:94,(anonymous_20)
FNF:8
FNH:8
FNDA:2,(anonymous_8)
FNDA:3,(anonymous_10)
FNDA:4,(anonymous_12)
FNDA:3,(anonymous_14)
FNDA:7,(anonymous_16)
FNDA:6,(anonymous_18)
FNDA:4,(anonymous_19)
FNDA:4,(anonymous_20)
DA:2,1
DA:3,1
DA:4,1
DA:6,1
DA:8,1
DA:10,2
DA:11,2
DA:12,1
DA:14,1
DA:15,1
DA:18,1
DA:23,3
DA:24,3
DA:25,1
DA:27,2
DA:28,2
DA:29,1
DA:31,1
DA:32,1
DA:35,2
DA:39,4
DA:40,4
DA:41,1
DA:43,3
DA:44,3
DA:45,2
DA:48,1
DA:49,1
DA:52,3
DA:56,3
DA:57,3
DA:58,1
DA:60,2
DA:61,2
DA:62,1
DA:65,1
DA:66,1
DA:69,2
DA:73,7
DA:74,7
DA:75,1
DA:77,6
DA:78,6
DA:79,1
DA:81,5
DA:82,1
DA:85,4
DA:86,4
DA:87,6
DA:89,4
DA:90,1
DA:93,4
DA:94,4
DA:95,3
DA:96,3
DA:98,3
DA:99,3
DA:102,4
LF:58
LH:58
BRDA:11,0,0,1
BRDA:11,0,1,1
BRDA:18,1,0,1
BRDA:18,1,1,0
BRDA:18,2,0,1
BRDA:18,2,1,0
BRDA:24,3,0,1
BRDA:24,3,1,2
BRDA:28,4,0,1
BRDA:28,4,1,1
BRDA:35,5,0,2
BRDA:35,5,1,0
BRDA:35,6,0,2
BRDA:35,6,1,0
BRDA:40,7,0,1
BRDA:40,7,1,3
BRDA:44,8,0,2
BRDA:44,8,1,1
BRDA:44,9,0,3
BRDA:44,9,1,2
BRDA:44,9,2,2
BRDA:44,9,3,1
BRDA:52,10,0,3
BRDA:52,10,1,0
BRDA:52,11,0,3
BRDA:52,11,1,0
BRDA:57,12,0,1
BRDA:57,12,1,2
BRDA:61,13,0,1
BRDA:61,13,1,1
BRDA:61,14,0,2
BRDA:61,14,1,2
BRDA:69,15,0,2
BRDA:69,15,1,0
BRDA:69,16,0,2
BRDA:69,16,1,0
BRDA:74,17,0,1
BRDA:74,17,1,6
BRDA:78,18,0,1
BRDA:78,18,1,5
BRDA:81,19,0,1
BRDA:81,19,1,4
BRDA:89,20,0,1
BRDA:89,20,1,3
BRDA:102,21,0,4
BRDA:102,21,1,0
BRDA:102,22,0,4
BRDA:102,22,1,0
BRF:48
BRH:38
end_of_record
